{"/Users/ashokbalamurugan/swing-options-monitor/swing-options-bot.js": {"path":"/Users/ashokbalamurugan/swing-options-monitor/swing-options-bot.js","statementMap":{"0":{"start":{"line":19,"column":4},"end":{"line":19,"column":25}},"1":{"start":{"line":20,"column":13},"end":{"line":20,"column":26}},"2":{"start":{"line":21,"column":13},"end":{"line":21,"column":28}},"3":{"start":{"line":22,"column":21},"end":{"line":22,"column":52}},"4":{"start":{"line":26,"column":19},"end":{"line":26,"column":37}},"5":{"start":{"line":27,"column":19},"end":{"line":27,"column":72}},"6":{"start":{"line":28,"column":19},"end":{"line":28,"column":78}},"7":{"start":{"line":30,"column":28},"end":{"line":30,"column":30}},"8":{"start":{"line":31,"column":28},"end":{"line":31,"column":76}},"9":{"start":{"line":32,"column":28},"end":{"line":32,"column":83}},"10":{"start":{"line":33,"column":28},"end":{"line":33,"column":58}},"11":{"start":{"line":34,"column":28},"end":{"line":34,"column":42}},"12":{"start":{"line":36,"column":29},"end":{"line":36,"column":33}},"13":{"start":{"line":37,"column":29},"end":{"line":37,"column":33}},"14":{"start":{"line":38,"column":29},"end":{"line":38,"column":33}},"15":{"start":{"line":39,"column":29},"end":{"line":39,"column":33}},"16":{"start":{"line":42,"column":25},"end":{"line":76,"column":44}},"17":{"start":{"line":76,"column":23},"end":{"line":76,"column":43}},"18":{"start":{"line":78,"column":29},"end":{"line":81,"column":1}},"19":{"start":{"line":86,"column":2},"end":{"line":86,"column":70}},"20":{"start":{"line":90,"column":2},"end":{"line":92,"column":15}},"21":{"start":{"line":96,"column":2},"end":{"line":96,"column":46}},"22":{"start":{"line":100,"column":13},"end":{"line":100,"column":66}},"23":{"start":{"line":101,"column":2},"end":{"line":108,"column":4}},"24":{"start":{"line":112,"column":31},"end":{"line":112,"column":44}},"25":{"start":{"line":113,"column":2},"end":{"line":113,"column":43}},"26":{"start":{"line":113,"column":30},"end":{"line":113,"column":43}},"27":{"start":{"line":114,"column":13},"end":{"line":114,"column":85}},"28":{"start":{"line":115,"column":2},"end":{"line":115,"column":44}},"29":{"start":{"line":119,"column":2},"end":{"line":119,"column":36}},"30":{"start":{"line":119,"column":23},"end":{"line":119,"column":36}},"31":{"start":{"line":120,"column":24},"end":{"line":120,"column":37}},"32":{"start":{"line":121,"column":12},"end":{"line":121,"column":28}},"33":{"start":{"line":122,"column":2},"end":{"line":122,"column":30}},"34":{"start":{"line":127,"column":14},"end":{"line":127,"column":24}},"35":{"start":{"line":128,"column":14},"end":{"line":128,"column":69}},"36":{"start":{"line":129,"column":14},"end":{"line":129,"column":25}},"37":{"start":{"line":130,"column":21},"end":{"line":130,"column":43}},"38":{"start":{"line":131,"column":2},"end":{"line":131,"column":42}},"39":{"start":{"line":131,"column":24},"end":{"line":131,"column":42}},"40":{"start":{"line":132,"column":2},"end":{"line":132,"column":42}},"41":{"start":{"line":133,"column":2},"end":{"line":133,"column":118}},"42":{"start":{"line":138,"column":14},"end":{"line":138,"column":24}},"43":{"start":{"line":139,"column":14},"end":{"line":139,"column":69}},"44":{"start":{"line":140,"column":29},"end":{"line":140,"column":59}},"45":{"start":{"line":141,"column":17},"end":{"line":141,"column":57}},"46":{"start":{"line":142,"column":2},"end":{"line":142,"column":62}},"47":{"start":{"line":148,"column":2},"end":{"line":152,"column":3}},"48":{"start":{"line":149,"column":4},"end":{"line":149,"column":60}},"49":{"start":{"line":151,"column":4},"end":{"line":151,"column":73}},"50":{"start":{"line":156,"column":2},"end":{"line":156,"column":66}},"51":{"start":{"line":160,"column":2},"end":{"line":164,"column":3}},"52":{"start":{"line":161,"column":4},"end":{"line":161,"column":59}},"53":{"start":{"line":163,"column":4},"end":{"line":163,"column":29}},"54":{"start":{"line":168,"column":2},"end":{"line":168,"column":65}},"55":{"start":{"line":174,"column":16},"end":{"line":174,"column":27}},"56":{"start":{"line":175,"column":2},"end":{"line":177,"column":41}},"57":{"start":{"line":176,"column":17},"end":{"line":176,"column":33}},"58":{"start":{"line":177,"column":22},"end":{"line":177,"column":36}},"59":{"start":{"line":182,"column":18},"end":{"line":182,"column":29}},"60":{"start":{"line":183,"column":18},"end":{"line":183,"column":68}},"61":{"start":{"line":184,"column":2},"end":{"line":184,"column":58}},"62":{"start":{"line":188,"column":2},"end":{"line":188,"column":47}},"63":{"start":{"line":198,"column":2},"end":{"line":222,"column":3}},"64":{"start":{"line":199,"column":16},"end":{"line":199,"column":41}},"65":{"start":{"line":200,"column":16},"end":{"line":202,"column":5}},"66":{"start":{"line":203,"column":4},"end":{"line":219,"column":5}},"67":{"start":{"line":205,"column":16},"end":{"line":205,"column":27}},"68":{"start":{"line":206,"column":6},"end":{"line":206,"column":30}},"69":{"start":{"line":207,"column":6},"end":{"line":207,"column":19}},"70":{"start":{"line":209,"column":22},"end":{"line":209,"column":44}},"71":{"start":{"line":210,"column":20},"end":{"line":210,"column":42}},"72":{"start":{"line":213,"column":6},"end":{"line":213,"column":46}},"73":{"start":{"line":215,"column":22},"end":{"line":215,"column":82}},"74":{"start":{"line":216,"column":22},"end":{"line":216,"column":59}},"75":{"start":{"line":217,"column":6},"end":{"line":217,"column":149}},"76":{"start":{"line":218,"column":6},"end":{"line":218,"column":20}},"77":{"start":{"line":221,"column":4},"end":{"line":221,"column":106}},"78":{"start":{"line":223,"column":2},"end":{"line":223,"column":25}},"79":{"start":{"line":230,"column":2},"end":{"line":235,"column":3}},"80":{"start":{"line":231,"column":4},"end":{"line":234,"column":30}},"81":{"start":{"line":232,"column":19},"end":{"line":232,"column":53}},"82":{"start":{"line":233,"column":6},"end":{"line":233,"column":70}},"83":{"start":{"line":233,"column":35},"end":{"line":233,"column":70}},"84":{"start":{"line":238,"column":2},"end":{"line":252,"column":32}},"85":{"start":{"line":239,"column":17},"end":{"line":245,"column":5}},"86":{"start":{"line":246,"column":4},"end":{"line":251,"column":5}},"87":{"start":{"line":247,"column":19},"end":{"line":247,"column":36}},"88":{"start":{"line":248,"column":21},"end":{"line":248,"column":82}},"89":{"start":{"line":249,"column":21},"end":{"line":249,"column":50}},"90":{"start":{"line":250,"column":6},"end":{"line":250,"column":50}},"91":{"start":{"line":250,"column":16},"end":{"line":250,"column":50}},"92":{"start":{"line":254,"column":2},"end":{"line":254,"column":14}},"93":{"start":{"line":258,"column":2},"end":{"line":258,"column":73}},"94":{"start":{"line":258,"column":20},"end":{"line":258,"column":73}},"95":{"start":{"line":259,"column":2},"end":{"line":259,"column":97}},"96":{"start":{"line":259,"column":19},"end":{"line":259,"column":97}},"97":{"start":{"line":260,"column":2},"end":{"line":260,"column":93}},"98":{"start":{"line":260,"column":19},"end":{"line":260,"column":93}},"99":{"start":{"line":261,"column":2},"end":{"line":261,"column":94}},"100":{"start":{"line":261,"column":19},"end":{"line":261,"column":94}},"101":{"start":{"line":262,"column":2},"end":{"line":262,"column":97}},"102":{"start":{"line":262,"column":19},"end":{"line":262,"column":97}},"103":{"start":{"line":263,"column":2},"end":{"line":263,"column":87}},"104":{"start":{"line":271,"column":18},"end":{"line":271,"column":27}},"105":{"start":{"line":272,"column":18},"end":{"line":272,"column":28}},"106":{"start":{"line":274,"column":2},"end":{"line":299,"column":3}},"107":{"start":{"line":274,"column":15},"end":{"line":274,"column":16}},"108":{"start":{"line":275,"column":14},"end":{"line":275,"column":27}},"109":{"start":{"line":276,"column":4},"end":{"line":276,"column":31}},"110":{"start":{"line":278,"column":4},"end":{"line":278,"column":55}},"111":{"start":{"line":278,"column":46},"end":{"line":278,"column":55}},"112":{"start":{"line":280,"column":20},"end":{"line":280,"column":49}},"113":{"start":{"line":281,"column":4},"end":{"line":298,"column":47}},"114":{"start":{"line":282,"column":19},"end":{"line":291,"column":7}},"115":{"start":{"line":292,"column":6},"end":{"line":292,"column":29}},"116":{"start":{"line":292,"column":20},"end":{"line":292,"column":29}},"117":{"start":{"line":293,"column":19},"end":{"line":293,"column":36}},"118":{"start":{"line":294,"column":19},"end":{"line":294,"column":71}},"119":{"start":{"line":295,"column":6},"end":{"line":297,"column":9}},"120":{"start":{"line":296,"column":8},"end":{"line":296,"column":78}},"121":{"start":{"line":296,"column":22},"end":{"line":296,"column":78}},"122":{"start":{"line":301,"column":2},"end":{"line":301,"column":17}},"123":{"start":{"line":307,"column":2},"end":{"line":307,"column":44}},"124":{"start":{"line":307,"column":34},"end":{"line":307,"column":44}},"125":{"start":{"line":308,"column":17},"end":{"line":308,"column":61}},"126":{"start":{"line":308,"column":47},"end":{"line":308,"column":60}},"127":{"start":{"line":309,"column":17},"end":{"line":309,"column":49}},"128":{"start":{"line":309,"column":34},"end":{"line":309,"column":47}},"129":{"start":{"line":310,"column":17},"end":{"line":310,"column":50}},"130":{"start":{"line":310,"column":34},"end":{"line":310,"column":48}},"131":{"start":{"line":311,"column":17},"end":{"line":311,"column":70}},"132":{"start":{"line":311,"column":55},"end":{"line":311,"column":60}},"133":{"start":{"line":312,"column":17},"end":{"line":312,"column":71}},"134":{"start":{"line":312,"column":56},"end":{"line":312,"column":61}},"135":{"start":{"line":313,"column":2},"end":{"line":313,"column":58}},"136":{"start":{"line":317,"column":2},"end":{"line":317,"column":42}},"137":{"start":{"line":317,"column":30},"end":{"line":317,"column":42}},"138":{"start":{"line":318,"column":16},"end":{"line":318,"column":37}},"139":{"start":{"line":319,"column":16},"end":{"line":319,"column":54}},"140":{"start":{"line":319,"column":39},"end":{"line":319,"column":44}},"141":{"start":{"line":320,"column":16},"end":{"line":320,"column":82}},"142":{"start":{"line":320,"column":49},"end":{"line":320,"column":68}},"143":{"start":{"line":321,"column":2},"end":{"line":321,"column":77}},"144":{"start":{"line":325,"column":2},"end":{"line":325,"column":45}},"145":{"start":{"line":325,"column":33},"end":{"line":325,"column":45}},"146":{"start":{"line":326,"column":14},"end":{"line":328,"column":3}},"147":{"start":{"line":327,"column":4},"end":{"line":327,"column":89}},"148":{"start":{"line":329,"column":2},"end":{"line":329,"column":61}},"149":{"start":{"line":329,"column":45},"end":{"line":329,"column":50}},"150":{"start":{"line":333,"column":2},"end":{"line":333,"column":37}},"151":{"start":{"line":333,"column":25},"end":{"line":333,"column":37}},"152":{"start":{"line":334,"column":15},"end":{"line":334,"column":73}},"153":{"start":{"line":334,"column":45},"end":{"line":334,"column":72}},"154":{"start":{"line":335,"column":15},"end":{"line":335,"column":57}},"155":{"start":{"line":335,"column":37},"end":{"line":335,"column":42}},"156":{"start":{"line":336,"column":2},"end":{"line":336,"column":80}},"157":{"start":{"line":336,"column":41},"end":{"line":336,"column":60}},"158":{"start":{"line":344,"column":2},"end":{"line":344,"column":53}},"159":{"start":{"line":344,"column":36},"end":{"line":344,"column":53}},"160":{"start":{"line":345,"column":18},"end":{"line":345,"column":42}},"161":{"start":{"line":345,"column":34},"end":{"line":345,"column":41}},"162":{"start":{"line":346,"column":18},"end":{"line":346,"column":48}},"163":{"start":{"line":347,"column":18},"end":{"line":347,"column":41}},"164":{"start":{"line":348,"column":18},"end":{"line":348,"column":34}},"165":{"start":{"line":349,"column":18},"end":{"line":349,"column":69}},"166":{"start":{"line":349,"column":40},"end":{"line":349,"column":68}},"167":{"start":{"line":350,"column":18},"end":{"line":350,"column":69}},"168":{"start":{"line":350,"column":40},"end":{"line":350,"column":68}},"169":{"start":{"line":352,"column":15},"end":{"line":352,"column":59}},"170":{"start":{"line":352,"column":49},"end":{"line":352,"column":54}},"171":{"start":{"line":353,"column":15},"end":{"line":353,"column":59}},"172":{"start":{"line":353,"column":49},"end":{"line":353,"column":54}},"173":{"start":{"line":354,"column":15},"end":{"line":354,"column":40}},"174":{"start":{"line":356,"column":2},"end":{"line":362,"column":3}},"175":{"start":{"line":357,"column":4},"end":{"line":357,"column":68}},"176":{"start":{"line":357,"column":51},"end":{"line":357,"column":68}},"177":{"start":{"line":358,"column":4},"end":{"line":358,"column":66}},"178":{"start":{"line":358,"column":52},"end":{"line":358,"column":66}},"179":{"start":{"line":360,"column":4},"end":{"line":360,"column":69}},"180":{"start":{"line":360,"column":52},"end":{"line":360,"column":69}},"181":{"start":{"line":361,"column":4},"end":{"line":361,"column":67}},"182":{"start":{"line":361,"column":53},"end":{"line":361,"column":67}},"183":{"start":{"line":363,"column":2},"end":{"line":363,"column":19}},"184":{"start":{"line":371,"column":2},"end":{"line":371,"column":56}},"185":{"start":{"line":371,"column":39},"end":{"line":371,"column":56}},"186":{"start":{"line":372,"column":17},"end":{"line":372,"column":42}},"187":{"start":{"line":372,"column":34},"end":{"line":372,"column":41}},"188":{"start":{"line":373,"column":17},"end":{"line":373,"column":32}},"189":{"start":{"line":374,"column":17},"end":{"line":374,"column":61}},"190":{"start":{"line":374,"column":51},"end":{"line":374,"column":56}},"191":{"start":{"line":375,"column":17},"end":{"line":375,"column":63}},"192":{"start":{"line":375,"column":52},"end":{"line":375,"column":57}},"193":{"start":{"line":376,"column":17},"end":{"line":376,"column":42}},"194":{"start":{"line":377,"column":2},"end":{"line":377,"column":55}},"195":{"start":{"line":377,"column":38},"end":{"line":377,"column":55}},"196":{"start":{"line":378,"column":2},"end":{"line":378,"column":55}},"197":{"start":{"line":378,"column":38},"end":{"line":378,"column":55}},"198":{"start":{"line":379,"column":2},"end":{"line":379,"column":19}},"199":{"start":{"line":385,"column":2},"end":{"line":385,"column":42}},"200":{"start":{"line":385,"column":30},"end":{"line":385,"column":42}},"201":{"start":{"line":386,"column":12},"end":{"line":386,"column":28}},"202":{"start":{"line":387,"column":12},"end":{"line":387,"column":68}},"203":{"start":{"line":387,"column":53},"end":{"line":387,"column":58}},"204":{"start":{"line":388,"column":2},"end":{"line":390,"column":3}},"205":{"start":{"line":388,"column":15},"end":{"line":388,"column":21}},"206":{"start":{"line":389,"column":4},"end":{"line":389,"column":40}},"207":{"start":{"line":391,"column":2},"end":{"line":391,"column":13}},"208":{"start":{"line":397,"column":2},"end":{"line":397,"column":45}},"209":{"start":{"line":397,"column":14},"end":{"line":397,"column":45}},"210":{"start":{"line":398,"column":12},"end":{"line":398,"column":16}},"211":{"start":{"line":399,"column":13},"end":{"line":399,"column":87}},"212":{"start":{"line":400,"column":2},"end":{"line":400,"column":49}},"213":{"start":{"line":406,"column":15},"end":{"line":406,"column":41}},"214":{"start":{"line":407,"column":2},"end":{"line":407,"column":65}},"215":{"start":{"line":407,"column":54},"end":{"line":407,"column":65}},"216":{"start":{"line":408,"column":17},"end":{"line":408,"column":42}},"217":{"start":{"line":409,"column":15},"end":{"line":409,"column":56}},"218":{"start":{"line":409,"column":34},"end":{"line":409,"column":48}},"219":{"start":{"line":410,"column":2},"end":{"line":410,"column":56}},"220":{"start":{"line":414,"column":18},"end":{"line":414,"column":37}},"221":{"start":{"line":416,"column":16},"end":{"line":416,"column":44}},"222":{"start":{"line":417,"column":2},"end":{"line":417,"column":52}},"223":{"start":{"line":423,"column":2},"end":{"line":423,"column":44}},"224":{"start":{"line":423,"column":33},"end":{"line":423,"column":44}},"225":{"start":{"line":424,"column":17},"end":{"line":424,"column":39}},"226":{"start":{"line":424,"column":31},"end":{"line":424,"column":38}},"227":{"start":{"line":425,"column":18},"end":{"line":425,"column":20}},"228":{"start":{"line":428,"column":22},"end":{"line":428,"column":50}},"229":{"start":{"line":429,"column":2},"end":{"line":432,"column":3}},"230":{"start":{"line":429,"column":15},"end":{"line":429,"column":17}},"231":{"start":{"line":430,"column":16},"end":{"line":430,"column":55}},"232":{"start":{"line":431,"column":4},"end":{"line":431,"column":35}},"233":{"start":{"line":431,"column":17},"end":{"line":431,"column":35}},"234":{"start":{"line":434,"column":2},"end":{"line":434,"column":37}},"235":{"start":{"line":434,"column":26},"end":{"line":434,"column":37}},"236":{"start":{"line":436,"column":21},"end":{"line":436,"column":79}},"237":{"start":{"line":437,"column":2},"end":{"line":437,"column":32}},"238":{"start":{"line":437,"column":25},"end":{"line":437,"column":30}},"239":{"start":{"line":440,"column":15},"end":{"line":440,"column":75}},"240":{"start":{"line":440,"column":35},"end":{"line":440,"column":50}},"241":{"start":{"line":441,"column":2},"end":{"line":441,"column":40}},"242":{"start":{"line":445,"column":15},"end":{"line":445,"column":42}},"243":{"start":{"line":447,"column":2},"end":{"line":447,"column":30}},"244":{"start":{"line":447,"column":18},"end":{"line":447,"column":30}},"245":{"start":{"line":448,"column":2},"end":{"line":448,"column":15}},"246":{"start":{"line":452,"column":2},"end":{"line":452,"column":38}},"247":{"start":{"line":452,"column":26},"end":{"line":452,"column":38}},"248":{"start":{"line":453,"column":20},"end":{"line":453,"column":39}},"249":{"start":{"line":454,"column":20},"end":{"line":454,"column":39}},"250":{"start":{"line":455,"column":20},"end":{"line":455,"column":52}},"251":{"start":{"line":456,"column":20},"end":{"line":456,"column":52}},"252":{"start":{"line":457,"column":2},"end":{"line":457,"column":64}},"253":{"start":{"line":457,"column":52},"end":{"line":457,"column":64}},"254":{"start":{"line":459,"column":23},"end":{"line":459,"column":36}},"255":{"start":{"line":460,"column":23},"end":{"line":460,"column":44}},"256":{"start":{"line":462,"column":22},"end":{"line":462,"column":24}},"257":{"start":{"line":463,"column":2},"end":{"line":467,"column":3}},"258":{"start":{"line":463,"column":15},"end":{"line":463,"column":17}},"259":{"start":{"line":464,"column":16},"end":{"line":464,"column":47}},"260":{"start":{"line":465,"column":16},"end":{"line":465,"column":47}},"261":{"start":{"line":466,"column":4},"end":{"line":466,"column":48}},"262":{"start":{"line":466,"column":20},"end":{"line":466,"column":48}},"263":{"start":{"line":468,"column":21},"end":{"line":468,"column":74}},"264":{"start":{"line":469,"column":21},"end":{"line":469,"column":42}},"265":{"start":{"line":471,"column":2},"end":{"line":477,"column":4}},"266":{"start":{"line":482,"column":23},"end":{"line":490,"column":1}},"267":{"start":{"line":493,"column":26},"end":{"line":493,"column":28}},"268":{"start":{"line":494,"column":0},"end":{"line":498,"column":1}},"269":{"start":{"line":495,"column":2},"end":{"line":497,"column":3}},"270":{"start":{"line":496,"column":4},"end":{"line":496,"column":56}},"271":{"start":{"line":508,"column":2},"end":{"line":508,"column":45}},"272":{"start":{"line":508,"column":33},"end":{"line":508,"column":45}},"273":{"start":{"line":510,"column":18},"end":{"line":510,"column":40}},"274":{"start":{"line":510,"column":32},"end":{"line":510,"column":39}},"275":{"start":{"line":511,"column":18},"end":{"line":511,"column":39}},"276":{"start":{"line":511,"column":32},"end":{"line":511,"column":38}},"277":{"start":{"line":512,"column":18},"end":{"line":512,"column":38}},"278":{"start":{"line":512,"column":32},"end":{"line":512,"column":37}},"279":{"start":{"line":513,"column":18},"end":{"line":513,"column":41}},"280":{"start":{"line":513,"column":32},"end":{"line":513,"column":40}},"281":{"start":{"line":515,"column":16},"end":{"line":515,"column":41}},"282":{"start":{"line":516,"column":16},"end":{"line":516,"column":31}},"283":{"start":{"line":517,"column":16},"end":{"line":517,"column":30}},"284":{"start":{"line":518,"column":16},"end":{"line":518,"column":44}},"285":{"start":{"line":519,"column":16},"end":{"line":519,"column":49}},"286":{"start":{"line":521,"column":2},"end":{"line":521,"column":44}},"287":{"start":{"line":521,"column":32},"end":{"line":521,"column":44}},"288":{"start":{"line":522,"column":2},"end":{"line":522,"column":31}},"289":{"start":{"line":522,"column":19},"end":{"line":522,"column":31}},"290":{"start":{"line":524,"column":18},"end":{"line":524,"column":19}},"291":{"start":{"line":525,"column":18},"end":{"line":525,"column":22}},"292":{"start":{"line":526,"column":18},"end":{"line":526,"column":20}},"293":{"start":{"line":529,"column":2},"end":{"line":538,"column":3}},"294":{"start":{"line":530,"column":4},"end":{"line":530,"column":16}},"295":{"start":{"line":530,"column":17},"end":{"line":530,"column":36}},"296":{"start":{"line":531,"column":4},"end":{"line":531,"column":60}},"297":{"start":{"line":532,"column":9},"end":{"line":538,"column":3}},"298":{"start":{"line":533,"column":4},"end":{"line":533,"column":16}},"299":{"start":{"line":533,"column":17},"end":{"line":533,"column":36}},"300":{"start":{"line":534,"column":4},"end":{"line":534,"column":88}},"301":{"start":{"line":535,"column":9},"end":{"line":538,"column":3}},"302":{"start":{"line":536,"column":4},"end":{"line":536,"column":16}},"303":{"start":{"line":536,"column":17},"end":{"line":536,"column":36}},"304":{"start":{"line":537,"column":4},"end":{"line":537,"column":61}},"305":{"start":{"line":541,"column":2},"end":{"line":550,"column":3}},"306":{"start":{"line":542,"column":4},"end":{"line":542,"column":16}},"307":{"start":{"line":542,"column":17},"end":{"line":542,"column":35}},"308":{"start":{"line":543,"column":4},"end":{"line":543,"column":62}},"309":{"start":{"line":544,"column":9},"end":{"line":550,"column":3}},"310":{"start":{"line":545,"column":4},"end":{"line":545,"column":16}},"311":{"start":{"line":545,"column":17},"end":{"line":545,"column":35}},"312":{"start":{"line":546,"column":4},"end":{"line":546,"column":88}},"313":{"start":{"line":547,"column":9},"end":{"line":550,"column":3}},"314":{"start":{"line":548,"column":4},"end":{"line":548,"column":16}},"315":{"start":{"line":548,"column":17},"end":{"line":548,"column":35}},"316":{"start":{"line":549,"column":4},"end":{"line":549,"column":61}},"317":{"start":{"line":552,"column":2},"end":{"line":552,"column":44}},"318":{"start":{"line":552,"column":32},"end":{"line":552,"column":44}},"319":{"start":{"line":555,"column":2},"end":{"line":563,"column":3}},"320":{"start":{"line":556,"column":4},"end":{"line":556,"column":16}},"321":{"start":{"line":556,"column":17},"end":{"line":556,"column":73}},"322":{"start":{"line":557,"column":9},"end":{"line":563,"column":3}},"323":{"start":{"line":558,"column":4},"end":{"line":558,"column":16}},"324":{"start":{"line":558,"column":17},"end":{"line":558,"column":73}},"325":{"start":{"line":559,"column":9},"end":{"line":563,"column":3}},"326":{"start":{"line":560,"column":4},"end":{"line":560,"column":15}},"327":{"start":{"line":560,"column":17},"end":{"line":560,"column":80}},"328":{"start":{"line":561,"column":9},"end":{"line":563,"column":3}},"329":{"start":{"line":562,"column":4},"end":{"line":562,"column":15}},"330":{"start":{"line":562,"column":17},"end":{"line":562,"column":80}},"331":{"start":{"line":565,"column":2},"end":{"line":565,"column":30}},"332":{"start":{"line":565,"column":18},"end":{"line":565,"column":30}},"333":{"start":{"line":568,"column":15},"end":{"line":568,"column":31}},"334":{"start":{"line":569,"column":2},"end":{"line":581,"column":3}},"335":{"start":{"line":570,"column":4},"end":{"line":580,"column":5}},"336":{"start":{"line":571,"column":6},"end":{"line":571,"column":18}},"337":{"start":{"line":571,"column":19},"end":{"line":571,"column":68}},"338":{"start":{"line":572,"column":11},"end":{"line":580,"column":5}},"339":{"start":{"line":573,"column":6},"end":{"line":573,"column":18}},"340":{"start":{"line":573,"column":19},"end":{"line":573,"column":68}},"341":{"start":{"line":574,"column":11},"end":{"line":580,"column":5}},"342":{"start":{"line":575,"column":6},"end":{"line":575,"column":17}},"343":{"start":{"line":575,"column":19},"end":{"line":575,"column":49}},"344":{"start":{"line":576,"column":11},"end":{"line":580,"column":5}},"345":{"start":{"line":577,"column":6},"end":{"line":577,"column":17}},"346":{"start":{"line":577,"column":19},"end":{"line":577,"column":49}},"347":{"start":{"line":579,"column":6},"end":{"line":579,"column":17}},"348":{"start":{"line":579,"column":19},"end":{"line":579,"column":62}},"349":{"start":{"line":584,"column":17},"end":{"line":584,"column":42}},"350":{"start":{"line":585,"column":2},"end":{"line":595,"column":3}},"351":{"start":{"line":586,"column":4},"end":{"line":594,"column":5}},"352":{"start":{"line":587,"column":6},"end":{"line":587,"column":17}},"353":{"start":{"line":587,"column":18},"end":{"line":587,"column":73}},"354":{"start":{"line":588,"column":11},"end":{"line":594,"column":5}},"355":{"start":{"line":589,"column":6},"end":{"line":589,"column":17}},"356":{"start":{"line":589,"column":18},"end":{"line":589,"column":73}},"357":{"start":{"line":590,"column":11},"end":{"line":594,"column":5}},"358":{"start":{"line":591,"column":6},"end":{"line":591,"column":17}},"359":{"start":{"line":591,"column":18},"end":{"line":591,"column":73}},"360":{"start":{"line":592,"column":11},"end":{"line":594,"column":5}},"361":{"start":{"line":593,"column":6},"end":{"line":593,"column":17}},"362":{"start":{"line":593,"column":18},"end":{"line":593,"column":73}},"363":{"start":{"line":598,"column":17},"end":{"line":598,"column":64}},"364":{"start":{"line":598,"column":53},"end":{"line":598,"column":58}},"365":{"start":{"line":599,"column":18},"end":{"line":599,"column":45}},"366":{"start":{"line":600,"column":2},"end":{"line":604,"column":3}},"367":{"start":{"line":601,"column":4},"end":{"line":601,"column":16}},"368":{"start":{"line":601,"column":17},"end":{"line":601,"column":84}},"369":{"start":{"line":602,"column":9},"end":{"line":604,"column":3}},"370":{"start":{"line":603,"column":4},"end":{"line":603,"column":15}},"371":{"start":{"line":603,"column":17},"end":{"line":603,"column":84}},"372":{"start":{"line":607,"column":2},"end":{"line":607,"column":88}},"373":{"start":{"line":607,"column":21},"end":{"line":607,"column":32}},"374":{"start":{"line":607,"column":33},"end":{"line":607,"column":86}},"375":{"start":{"line":608,"column":2},"end":{"line":608,"column":78}},"376":{"start":{"line":608,"column":21},"end":{"line":608,"column":32}},"377":{"start":{"line":608,"column":33},"end":{"line":608,"column":76}},"378":{"start":{"line":611,"column":17},"end":{"line":611,"column":33}},"379":{"start":{"line":612,"column":2},"end":{"line":612,"column":93}},"380":{"start":{"line":612,"column":22},"end":{"line":612,"column":33}},"381":{"start":{"line":612,"column":34},"end":{"line":612,"column":91}},"382":{"start":{"line":614,"column":2},"end":{"line":614,"column":72}},"383":{"start":{"line":621,"column":14},"end":{"line":621,"column":47}},"384":{"start":{"line":622,"column":14},"end":{"line":622,"column":52}},"385":{"start":{"line":623,"column":14},"end":{"line":623,"column":114}},"386":{"start":{"line":624,"column":2},"end":{"line":624,"column":28}},"387":{"start":{"line":628,"column":13},"end":{"line":628,"column":17}},"388":{"start":{"line":629,"column":2},"end":{"line":629,"column":32}},"389":{"start":{"line":630,"column":2},"end":{"line":630,"column":35}},"390":{"start":{"line":631,"column":13},"end":{"line":631,"column":87}},"391":{"start":{"line":632,"column":13},"end":{"line":632,"column":38}},"392":{"start":{"line":633,"column":2},"end":{"line":635,"column":66}},"393":{"start":{"line":639,"column":2},"end":{"line":639,"column":56}},"394":{"start":{"line":639,"column":19},"end":{"line":639,"column":56}},"395":{"start":{"line":640,"column":2},"end":{"line":640,"column":44}},"396":{"start":{"line":640,"column":19},"end":{"line":640,"column":44}},"397":{"start":{"line":641,"column":2},"end":{"line":641,"column":35}},"398":{"start":{"line":651,"column":20},"end":{"line":651,"column":62}},"399":{"start":{"line":652,"column":20},"end":{"line":652,"column":47}},"400":{"start":{"line":655,"column":18},"end":{"line":657,"column":65}},"401":{"start":{"line":659,"column":2},"end":{"line":685,"column":3}},"402":{"start":{"line":660,"column":27},"end":{"line":660,"column":61}},"403":{"start":{"line":661,"column":27},"end":{"line":661,"column":74}},"404":{"start":{"line":662,"column":28},"end":{"line":662,"column":41}},"405":{"start":{"line":664,"column":4},"end":{"line":664,"column":45}},"406":{"start":{"line":664,"column":36},"end":{"line":664,"column":45}},"407":{"start":{"line":665,"column":4},"end":{"line":665,"column":45}},"408":{"start":{"line":665,"column":36},"end":{"line":665,"column":45}},"409":{"start":{"line":668,"column":18},"end":{"line":668,"column":72}},"410":{"start":{"line":669,"column":4},"end":{"line":669,"column":45}},"411":{"start":{"line":669,"column":36},"end":{"line":669,"column":45}},"412":{"start":{"line":671,"column":22},"end":{"line":671,"column":58}},"413":{"start":{"line":672,"column":4},"end":{"line":672,"column":32}},"414":{"start":{"line":672,"column":23},"end":{"line":672,"column":32}},"415":{"start":{"line":674,"column":22},"end":{"line":674,"column":73}},"416":{"start":{"line":675,"column":22},"end":{"line":675,"column":63}},"417":{"start":{"line":677,"column":4},"end":{"line":684,"column":6}},"418":{"start":{"line":687,"column":2},"end":{"line":687,"column":14}},"419":{"start":{"line":696,"column":19},"end":{"line":708,"column":34}},"420":{"start":{"line":698,"column":6},"end":{"line":698,"column":88}},"421":{"start":{"line":698,"column":75},"end":{"line":698,"column":88}},"422":{"start":{"line":700,"column":6},"end":{"line":705,"column":7}},"423":{"start":{"line":701,"column":18},"end":{"line":701,"column":45}},"424":{"start":{"line":702,"column":22},"end":{"line":702,"column":26}},"425":{"start":{"line":703,"column":22},"end":{"line":703,"column":88}},"426":{"start":{"line":704,"column":8},"end":{"line":704,"column":53}},"427":{"start":{"line":704,"column":40},"end":{"line":704,"column":53}},"428":{"start":{"line":706,"column":6},"end":{"line":706,"column":18}},"429":{"start":{"line":708,"column":20},"end":{"line":708,"column":33}},"430":{"start":{"line":710,"column":2},"end":{"line":728,"column":3}},"431":{"start":{"line":711,"column":27},"end":{"line":711,"column":32}},"432":{"start":{"line":712,"column":28},"end":{"line":712,"column":41}},"433":{"start":{"line":713,"column":4},"end":{"line":713,"column":42}},"434":{"start":{"line":713,"column":33},"end":{"line":713,"column":42}},"435":{"start":{"line":714,"column":4},"end":{"line":714,"column":43}},"436":{"start":{"line":714,"column":34},"end":{"line":714,"column":43}},"437":{"start":{"line":716,"column":22},"end":{"line":716,"column":58}},"438":{"start":{"line":717,"column":4},"end":{"line":717,"column":32}},"439":{"start":{"line":717,"column":23},"end":{"line":717,"column":32}},"440":{"start":{"line":719,"column":22},"end":{"line":719,"column":73}},"441":{"start":{"line":720,"column":4},"end":{"line":727,"column":6}},"442":{"start":{"line":729,"column":2},"end":{"line":729,"column":14}},"443":{"start":{"line":735,"column":2},"end":{"line":741,"column":3}},"444":{"start":{"line":736,"column":15},"end":{"line":736,"column":54}},"445":{"start":{"line":737,"column":4},"end":{"line":737,"column":49}},"446":{"start":{"line":739,"column":4},"end":{"line":739,"column":70}},"447":{"start":{"line":740,"column":4},"end":{"line":740,"column":16}},"448":{"start":{"line":746,"column":2},"end":{"line":756,"column":3}},"449":{"start":{"line":747,"column":16},"end":{"line":747,"column":55}},"450":{"start":{"line":748,"column":16},"end":{"line":751,"column":5}},"451":{"start":{"line":752,"column":4},"end":{"line":752,"column":81}},"452":{"start":{"line":754,"column":4},"end":{"line":754,"column":79}},"453":{"start":{"line":755,"column":4},"end":{"line":755,"column":16}},"454":{"start":{"line":761,"column":16},"end":{"line":761,"column":21}},"455":{"start":{"line":764,"column":2},"end":{"line":767,"column":3}},"456":{"start":{"line":765,"column":4},"end":{"line":765,"column":77}},"457":{"start":{"line":766,"column":4},"end":{"line":766,"column":11}},"458":{"start":{"line":768,"column":2},"end":{"line":771,"column":3}},"459":{"start":{"line":769,"column":4},"end":{"line":769,"column":69}},"460":{"start":{"line":770,"column":4},"end":{"line":770,"column":11}},"461":{"start":{"line":773,"column":16},"end":{"line":773,"column":27}},"462":{"start":{"line":774,"column":2},"end":{"line":777,"column":3}},"463":{"start":{"line":775,"column":4},"end":{"line":775,"column":95}},"464":{"start":{"line":776,"column":4},"end":{"line":776,"column":11}},"465":{"start":{"line":778,"column":2},"end":{"line":781,"column":3}},"466":{"start":{"line":779,"column":4},"end":{"line":779,"column":73}},"467":{"start":{"line":780,"column":4},"end":{"line":780,"column":11}},"468":{"start":{"line":783,"column":2},"end":{"line":783,"column":19}},"469":{"start":{"line":784,"column":2},"end":{"line":1011,"column":3}},"470":{"start":{"line":786,"column":2},"end":{"line":790,"column":3}},"471":{"start":{"line":787,"column":16},"end":{"line":787,"column":29}},"472":{"start":{"line":788,"column":4},"end":{"line":788,"column":93}},"473":{"start":{"line":789,"column":4},"end":{"line":789,"column":11}},"474":{"start":{"line":793,"column":17},"end":{"line":793,"column":46}},"475":{"start":{"line":794,"column":2},"end":{"line":794,"column":56}},"476":{"start":{"line":796,"column":19},"end":{"line":796,"column":89}},"477":{"start":{"line":796,"column":48},"end":{"line":796,"column":88}},"478":{"start":{"line":797,"column":2},"end":{"line":797,"column":70}},"479":{"start":{"line":798,"column":2},"end":{"line":798,"column":89}},"480":{"start":{"line":801,"column":20},"end":{"line":801,"column":29}},"481":{"start":{"line":802,"column":20},"end":{"line":802,"column":24}},"482":{"start":{"line":803,"column":20},"end":{"line":803,"column":29}},"483":{"start":{"line":805,"column":49},"end":{"line":809,"column":4}},"484":{"start":{"line":811,"column":2},"end":{"line":811,"column":86}},"485":{"start":{"line":811,"column":40},"end":{"line":811,"column":86}},"486":{"start":{"line":812,"column":2},"end":{"line":812,"column":70}},"487":{"start":{"line":812,"column":41},"end":{"line":812,"column":70}},"488":{"start":{"line":813,"column":2},"end":{"line":813,"column":80}},"489":{"start":{"line":813,"column":45},"end":{"line":813,"column":80}},"490":{"start":{"line":815,"column":21},"end":{"line":815,"column":42}},"491":{"start":{"line":816,"column":21},"end":{"line":816,"column":95}},"492":{"start":{"line":817,"column":2},"end":{"line":817,"column":136}},"493":{"start":{"line":820,"column":2},"end":{"line":827,"column":3}},"494":{"start":{"line":821,"column":4},"end":{"line":825,"column":6}},"495":{"start":{"line":826,"column":4},"end":{"line":826,"column":11}},"496":{"start":{"line":830,"column":21},"end":{"line":830,"column":62}},"497":{"start":{"line":831,"column":24},"end":{"line":833,"column":3}},"498":{"start":{"line":832,"column":26},"end":{"line":832,"column":55}},"499":{"start":{"line":834,"column":2},"end":{"line":841,"column":5}},"500":{"start":{"line":835,"column":4},"end":{"line":840,"column":5}},"501":{"start":{"line":836,"column":20},"end":{"line":836,"column":58}},"502":{"start":{"line":837,"column":6},"end":{"line":839,"column":7}},"503":{"start":{"line":838,"column":8},"end":{"line":838,"column":74}},"504":{"start":{"line":838,"column":36},"end":{"line":838,"column":74}},"505":{"start":{"line":844,"column":25},"end":{"line":844,"column":27}},"506":{"start":{"line":845,"column":26},"end":{"line":845,"column":27}},"507":{"start":{"line":846,"column":26},"end":{"line":846,"column":27}},"508":{"start":{"line":847,"column":25},"end":{"line":847,"column":27}},"509":{"start":{"line":848,"column":25},"end":{"line":848,"column":27}},"510":{"start":{"line":850,"column":2},"end":{"line":869,"column":3}},"511":{"start":{"line":850,"column":15},"end":{"line":850,"column":16}},"512":{"start":{"line":851,"column":18},"end":{"line":851,"column":51}},"513":{"start":{"line":852,"column":20},"end":{"line":861,"column":5}},"514":{"start":{"line":854,"column":8},"end":{"line":854,"column":68}},"515":{"start":{"line":854,"column":37},"end":{"line":854,"column":68}},"516":{"start":{"line":855,"column":21},"end":{"line":855,"column":59}},"517":{"start":{"line":856,"column":8},"end":{"line":856,"column":51}},"518":{"start":{"line":856,"column":39},"end":{"line":856,"column":51}},"519":{"start":{"line":858,"column":8},"end":{"line":858,"column":59}},"520":{"start":{"line":858,"column":34},"end":{"line":858,"column":59}},"521":{"start":{"line":859,"column":8},"end":{"line":859,"column":53}},"522":{"start":{"line":862,"column":4},"end":{"line":868,"column":5}},"523":{"start":{"line":863,"column":6},"end":{"line":863,"column":57}},"524":{"start":{"line":863,"column":48},"end":{"line":863,"column":57}},"525":{"start":{"line":864,"column":6},"end":{"line":864,"column":65}},"526":{"start":{"line":864,"column":35},"end":{"line":864,"column":53}},"527":{"start":{"line":864,"column":54},"end":{"line":864,"column":63}},"528":{"start":{"line":865,"column":6},"end":{"line":865,"column":53}},"529":{"start":{"line":865,"column":29},"end":{"line":865,"column":41}},"530":{"start":{"line":865,"column":42},"end":{"line":865,"column":51}},"531":{"start":{"line":866,"column":6},"end":{"line":866,"column":46}},"532":{"start":{"line":866,"column":37},"end":{"line":866,"column":46}},"533":{"start":{"line":867,"column":6},"end":{"line":867,"column":27}},"534":{"start":{"line":871,"column":23},"end":{"line":871,"column":108}},"535":{"start":{"line":872,"column":17},"end":{"line":872,"column":88}},"536":{"start":{"line":874,"column":2},"end":{"line":881,"column":3}},"537":{"start":{"line":875,"column":4},"end":{"line":879,"column":6}},"538":{"start":{"line":880,"column":4},"end":{"line":880,"column":11}},"539":{"start":{"line":884,"column":2},"end":{"line":884,"column":43}},"540":{"start":{"line":884,"column":24},"end":{"line":884,"column":41}},"541":{"start":{"line":887,"column":13},"end":{"line":887,"column":17}},"542":{"start":{"line":888,"column":2},"end":{"line":912,"column":3}},"543":{"start":{"line":889,"column":4},"end":{"line":911,"column":5}},"544":{"start":{"line":890,"column":21},"end":{"line":890,"column":65}},"545":{"start":{"line":891,"column":6},"end":{"line":907,"column":7}},"546":{"start":{"line":892,"column":25},"end":{"line":892,"column":49}},"547":{"start":{"line":892,"column":41},"end":{"line":892,"column":48}},"548":{"start":{"line":893,"column":25},"end":{"line":893,"column":46}},"549":{"start":{"line":894,"column":19},"end":{"line":895,"column":61}},"550":{"start":{"line":896,"column":8},"end":{"line":903,"column":9}},"551":{"start":{"line":897,"column":10},"end":{"line":897,"column":87}},"552":{"start":{"line":898,"column":10},"end":{"line":898,"column":27}},"553":{"start":{"line":899,"column":10},"end":{"line":899,"column":23}},"554":{"start":{"line":900,"column":10},"end":{"line":900,"column":16}},"555":{"start":{"line":902,"column":10},"end":{"line":902,"column":126}},"556":{"start":{"line":905,"column":8},"end":{"line":905,"column":21}},"557":{"start":{"line":906,"column":8},"end":{"line":906,"column":14}},"558":{"start":{"line":909,"column":6},"end":{"line":909,"column":19}},"559":{"start":{"line":910,"column":6},"end":{"line":910,"column":12}},"560":{"start":{"line":914,"column":2},"end":{"line":921,"column":3}},"561":{"start":{"line":915,"column":4},"end":{"line":919,"column":6}},"562":{"start":{"line":920,"column":4},"end":{"line":920,"column":11}},"563":{"start":{"line":924,"column":26},"end":{"line":924,"column":85}},"564":{"start":{"line":926,"column":2},"end":{"line":932,"column":3}},"565":{"start":{"line":928,"column":4},"end":{"line":928,"column":25}},"566":{"start":{"line":929,"column":4},"end":{"line":929,"column":61}},"567":{"start":{"line":931,"column":4},"end":{"line":931,"column":29}},"568":{"start":{"line":935,"column":18},"end":{"line":935,"column":22}},"569":{"start":{"line":936,"column":20},"end":{"line":936,"column":40}},"570":{"start":{"line":937,"column":2},"end":{"line":942,"column":3}},"571":{"start":{"line":938,"column":4},"end":{"line":938,"column":67}},"572":{"start":{"line":939,"column":4},"end":{"line":939,"column":33}},"573":{"start":{"line":941,"column":4},"end":{"line":941,"column":141}},"574":{"start":{"line":944,"column":19},"end":{"line":946,"column":77}},"575":{"start":{"line":948,"column":2},"end":{"line":955,"column":3}},"576":{"start":{"line":949,"column":4},"end":{"line":953,"column":6}},"577":{"start":{"line":954,"column":4},"end":{"line":954,"column":11}},"578":{"start":{"line":958,"column":20},"end":{"line":958,"column":59}},"579":{"start":{"line":959,"column":20},"end":{"line":959,"column":101}},"580":{"start":{"line":959,"column":48},"end":{"line":959,"column":89}},"581":{"start":{"line":960,"column":20},"end":{"line":960,"column":168}},"582":{"start":{"line":961,"column":17},"end":{"line":961,"column":90}},"583":{"start":{"line":964,"column":4},"end":{"line":982,"column":60}},"584":{"start":{"line":968,"column":46},"end":{"line":968,"column":54}},"585":{"start":{"line":984,"column":14},"end":{"line":984,"column":54}},"586":{"start":{"line":987,"column":2},"end":{"line":995,"column":4}},"587":{"start":{"line":996,"column":2},"end":{"line":996,"column":19}},"588":{"start":{"line":999,"column":2},"end":{"line":1007,"column":23}},"589":{"start":{"line":1000,"column":14},"end":{"line":1000,"column":25}},"590":{"start":{"line":1001,"column":4},"end":{"line":1006,"column":5}},"591":{"start":{"line":1002,"column":6},"end":{"line":1002,"column":31}},"592":{"start":{"line":1003,"column":6},"end":{"line":1003,"column":19}},"593":{"start":{"line":1004,"column":6},"end":{"line":1004,"column":106}},"594":{"start":{"line":1005,"column":6},"end":{"line":1005,"column":79}},"595":{"start":{"line":1010,"column":4},"end":{"line":1010,"column":22}},"596":{"start":{"line":1017,"column":42},"end":{"line":1017,"column":50}},"597":{"start":{"line":1020,"column":23},"end":{"line":1020,"column":34}},"598":{"start":{"line":1021,"column":2},"end":{"line":1024,"column":3}},"599":{"start":{"line":1022,"column":4},"end":{"line":1022,"column":140}},"600":{"start":{"line":1023,"column":4},"end":{"line":1023,"column":11}},"601":{"start":{"line":1026,"column":2},"end":{"line":1026,"column":116}},"602":{"start":{"line":1028,"column":2},"end":{"line":1081,"column":3}},"603":{"start":{"line":1029,"column":18},"end":{"line":1038,"column":6}},"604":{"start":{"line":1040,"column":18},"end":{"line":1053,"column":5}},"605":{"start":{"line":1055,"column":27},"end":{"line":1055,"column":38}},"606":{"start":{"line":1056,"column":4},"end":{"line":1056,"column":33}},"607":{"start":{"line":1057,"column":4},"end":{"line":1057,"column":35}},"608":{"start":{"line":1058,"column":4},"end":{"line":1058,"column":21}},"609":{"start":{"line":1060,"column":21},"end":{"line":1060,"column":55}},"610":{"start":{"line":1061,"column":4},"end":{"line":1072,"column":6}},"611":{"start":{"line":1074,"column":4},"end":{"line":1074,"column":96}},"612":{"start":{"line":1076,"column":4},"end":{"line":1076,"column":64}},"613":{"start":{"line":1077,"column":27},"end":{"line":1077,"column":38}},"614":{"start":{"line":1078,"column":4},"end":{"line":1078,"column":33}},"615":{"start":{"line":1079,"column":4},"end":{"line":1079,"column":21}},"616":{"start":{"line":1080,"column":4},"end":{"line":1080,"column":107}},"617":{"start":{"line":1085,"column":2},"end":{"line":1085,"column":67}},"618":{"start":{"line":1087,"column":2},"end":{"line":1091,"column":3}},"619":{"start":{"line":1088,"column":4},"end":{"line":1088,"column":41}},"620":{"start":{"line":1090,"column":4},"end":{"line":1090,"column":90}},"621":{"start":{"line":1094,"column":25},"end":{"line":1094,"column":49}},"622":{"start":{"line":1095,"column":25},"end":{"line":1095,"column":115}},"623":{"start":{"line":1096,"column":25},"end":{"line":1096,"column":47}},"624":{"start":{"line":1097,"column":25},"end":{"line":1097,"column":72}},"625":{"start":{"line":1098,"column":25},"end":{"line":1098,"column":117}},"626":{"start":{"line":1099,"column":25},"end":{"line":1099,"column":37}},"627":{"start":{"line":1102,"column":24},"end":{"line":1102,"column":35}},"628":{"start":{"line":1103,"column":2},"end":{"line":1103,"column":74}},"629":{"start":{"line":1103,"column":55},"end":{"line":1103,"column":72}},"630":{"start":{"line":1104,"column":2},"end":{"line":1104,"column":134}},"631":{"start":{"line":1105,"column":2},"end":{"line":1105,"column":19}},"632":{"start":{"line":1108,"column":15},"end":{"line":1108,"column":25}},"633":{"start":{"line":1109,"column":2},"end":{"line":1121,"column":5}},"634":{"start":{"line":1122,"column":2},"end":{"line":1122,"column":17}},"635":{"start":{"line":1124,"column":16},"end":{"line":1124,"column":33}},"636":{"start":{"line":1125,"column":2},"end":{"line":1133,"column":4}},"637":{"start":{"line":1136,"column":2},"end":{"line":1144,"column":3}},"638":{"start":{"line":1137,"column":22},"end":{"line":1137,"column":35}},"639":{"start":{"line":1138,"column":22},"end":{"line":1138,"column":41}},"640":{"start":{"line":1139,"column":4},"end":{"line":1142,"column":6}},"641":{"start":{"line":1143,"column":4},"end":{"line":1143,"column":101}},"642":{"start":{"line":1150,"column":2},"end":{"line":1150,"column":31}},"643":{"start":{"line":1150,"column":24},"end":{"line":1150,"column":31}},"644":{"start":{"line":1152,"column":16},"end":{"line":1152,"column":27}},"645":{"start":{"line":1153,"column":2},"end":{"line":1153,"column":46}},"646":{"start":{"line":1153,"column":39},"end":{"line":1153,"column":46}},"647":{"start":{"line":1155,"column":2},"end":{"line":1155,"column":90}},"648":{"start":{"line":1157,"column":2},"end":{"line":1266,"column":3}},"649":{"start":{"line":1158,"column":4},"end":{"line":1265,"column":5}},"650":{"start":{"line":1160,"column":53},"end":{"line":1164,"column":8}},"651":{"start":{"line":1166,"column":21},"end":{"line":1166,"column":84}},"652":{"start":{"line":1167,"column":21},"end":{"line":1167,"column":84}},"653":{"start":{"line":1168,"column":21},"end":{"line":1168,"column":85}},"654":{"start":{"line":1170,"column":6},"end":{"line":1170,"column":47}},"655":{"start":{"line":1170,"column":38},"end":{"line":1170,"column":47}},"656":{"start":{"line":1173,"column":19},"end":{"line":1175,"column":94}},"657":{"start":{"line":1177,"column":25},"end":{"line":1177,"column":91}},"658":{"start":{"line":1177,"column":63},"end":{"line":1177,"column":70}},"659":{"start":{"line":1178,"column":25},"end":{"line":1178,"column":45}},"660":{"start":{"line":1179,"column":25},"end":{"line":1179,"column":67}},"661":{"start":{"line":1180,"column":25},"end":{"line":1180,"column":117}},"662":{"start":{"line":1181,"column":25},"end":{"line":1181,"column":107}},"663":{"start":{"line":1184,"column":23},"end":{"line":1184,"column":64}},"664":{"start":{"line":1187,"column":6},"end":{"line":1187,"column":80}},"665":{"start":{"line":1187,"column":49},"end":{"line":1187,"column":80}},"666":{"start":{"line":1189,"column":6},"end":{"line":1199,"column":7}},"667":{"start":{"line":1190,"column":22},"end":{"line":1190,"column":82}},"668":{"start":{"line":1191,"column":8},"end":{"line":1198,"column":9}},"669":{"start":{"line":1192,"column":10},"end":{"line":1192,"column":36}},"670":{"start":{"line":1194,"column":10},"end":{"line":1197,"column":11}},"671":{"start":{"line":1195,"column":12},"end":{"line":1195,"column":35}},"672":{"start":{"line":1196,"column":12},"end":{"line":1196,"column":124}},"673":{"start":{"line":1202,"column":6},"end":{"line":1202,"column":40}},"674":{"start":{"line":1203,"column":18},"end":{"line":1203,"column":29}},"675":{"start":{"line":1204,"column":18},"end":{"line":1204,"column":66}},"676":{"start":{"line":1204,"column":48},"end":{"line":1204,"column":65}},"677":{"start":{"line":1205,"column":6},"end":{"line":1205,"column":48}},"678":{"start":{"line":1205,"column":20},"end":{"line":1205,"column":48}},"679":{"start":{"line":1206,"column":6},"end":{"line":1206,"column":19}},"680":{"start":{"line":1208,"column":25},"end":{"line":1210,"column":12}},"681":{"start":{"line":1211,"column":23},"end":{"line":1211,"column":45}},"682":{"start":{"line":1212,"column":6},"end":{"line":1212,"column":209}},"683":{"start":{"line":1217,"column":6},"end":{"line":1222,"column":7}},"684":{"start":{"line":1218,"column":23},"end":{"line":1218,"column":71}},"685":{"start":{"line":1219,"column":8},"end":{"line":1220,"column":127}},"686":{"start":{"line":1221,"column":8},"end":{"line":1221,"column":17}},"687":{"start":{"line":1225,"column":36},"end":{"line":1225,"column":48}},"688":{"start":{"line":1226,"column":6},"end":{"line":1230,"column":7}},"689":{"start":{"line":1227,"column":8},"end":{"line":1228,"column":104}},"690":{"start":{"line":1229,"column":8},"end":{"line":1229,"column":17}},"691":{"start":{"line":1233,"column":6},"end":{"line":1240,"column":7}},"692":{"start":{"line":1234,"column":27},"end":{"line":1236,"column":51}},"693":{"start":{"line":1237,"column":8},"end":{"line":1238,"column":111}},"694":{"start":{"line":1239,"column":8},"end":{"line":1239,"column":17}},"695":{"start":{"line":1243,"column":6},"end":{"line":1246,"column":7}},"696":{"start":{"line":1244,"column":8},"end":{"line":1244,"column":69}},"697":{"start":{"line":1245,"column":8},"end":{"line":1245,"column":17}},"698":{"start":{"line":1249,"column":18},"end":{"line":1249,"column":25}},"699":{"start":{"line":1250,"column":6},"end":{"line":1254,"column":7}},"700":{"start":{"line":1251,"column":8},"end":{"line":1252,"column":116}},"701":{"start":{"line":1253,"column":8},"end":{"line":1253,"column":17}},"702":{"start":{"line":1257,"column":6},"end":{"line":1261,"column":7}},"703":{"start":{"line":1258,"column":8},"end":{"line":1259,"column":96}},"704":{"start":{"line":1260,"column":8},"end":{"line":1260,"column":17}},"705":{"start":{"line":1264,"column":6},"end":{"line":1264,"column":87}},"706":{"start":{"line":1272,"column":16},"end":{"line":1272,"column":27}},"707":{"start":{"line":1273,"column":2},"end":{"line":1273,"column":46}},"708":{"start":{"line":1273,"column":39},"end":{"line":1273,"column":46}},"709":{"start":{"line":1275,"column":16},"end":{"line":1284,"column":4}},"710":{"start":{"line":1276,"column":22},"end":{"line":1276,"column":102}},"711":{"start":{"line":1277,"column":22},"end":{"line":1277,"column":44}},"712":{"start":{"line":1278,"column":22},"end":{"line":1278,"column":83}},"713":{"start":{"line":1279,"column":4},"end":{"line":1283,"column":6}},"714":{"start":{"line":1286,"column":2},"end":{"line":1288,"column":4}},"715":{"start":{"line":1294,"column":2},"end":{"line":1294,"column":50}},"716":{"start":{"line":1294,"column":38},"end":{"line":1294,"column":50}},"717":{"start":{"line":1295,"column":22},"end":{"line":1295,"column":56}},"718":{"start":{"line":1295,"column":41},"end":{"line":1295,"column":55}},"719":{"start":{"line":1296,"column":22},"end":{"line":1296,"column":57}},"720":{"start":{"line":1296,"column":41},"end":{"line":1296,"column":56}},"721":{"start":{"line":1297,"column":22},"end":{"line":1297,"column":88}},"722":{"start":{"line":1297,"column":57},"end":{"line":1297,"column":71}},"723":{"start":{"line":1298,"column":22},"end":{"line":1298,"column":124}},"724":{"start":{"line":1298,"column":73},"end":{"line":1298,"column":87}},"725":{"start":{"line":1299,"column":22},"end":{"line":1299,"column":124}},"726":{"start":{"line":1299,"column":73},"end":{"line":1299,"column":87}},"727":{"start":{"line":1300,"column":22},"end":{"line":1300,"column":62}},"728":{"start":{"line":1300,"column":44},"end":{"line":1300,"column":58}},"729":{"start":{"line":1301,"column":22},"end":{"line":1301,"column":74}},"730":{"start":{"line":1301,"column":55},"end":{"line":1301,"column":69}},"731":{"start":{"line":1302,"column":23},"end":{"line":1302,"column":93}},"732":{"start":{"line":1303,"column":23},"end":{"line":1303,"column":95}},"733":{"start":{"line":1304,"column":16},"end":{"line":1304,"column":83}},"734":{"start":{"line":1304,"column":40},"end":{"line":1304,"column":71}},"735":{"start":{"line":1305,"column":16},"end":{"line":1305,"column":83}},"736":{"start":{"line":1305,"column":40},"end":{"line":1305,"column":71}},"737":{"start":{"line":1308,"column":16},"end":{"line":1308,"column":18}},"738":{"start":{"line":1309,"column":2},"end":{"line":1313,"column":3}},"739":{"start":{"line":1310,"column":4},"end":{"line":1310,"column":65}},"740":{"start":{"line":1310,"column":26},"end":{"line":1310,"column":65}},"741":{"start":{"line":1311,"column":4},"end":{"line":1311,"column":28}},"742":{"start":{"line":1312,"column":4},"end":{"line":1312,"column":38}},"743":{"start":{"line":1314,"column":21},"end":{"line":1317,"column":129}},"744":{"start":{"line":1315,"column":20},"end":{"line":1315,"column":43}},"745":{"start":{"line":1317,"column":23},"end":{"line":1317,"column":128}},"746":{"start":{"line":1319,"column":2},"end":{"line":1319,"column":143}},"747":{"start":{"line":1323,"column":2},"end":{"line":1323,"column":77}},"748":{"start":{"line":1323,"column":14},"end":{"line":1323,"column":77}},"749":{"start":{"line":1324,"column":20},"end":{"line":1324,"column":48}},"750":{"start":{"line":1325,"column":20},"end":{"line":1325,"column":62}},"751":{"start":{"line":1326,"column":20},"end":{"line":1326,"column":74}},"752":{"start":{"line":1327,"column":20},"end":{"line":1327,"column":87}},"753":{"start":{"line":1328,"column":2},"end":{"line":1337,"column":4}},"754":{"start":{"line":1341,"column":17},"end":{"line":1341,"column":27}},"755":{"start":{"line":1342,"column":17},"end":{"line":1342,"column":28}},"756":{"start":{"line":1343,"column":17},"end":{"line":1343,"column":61}},"757":{"start":{"line":1343,"column":44},"end":{"line":1343,"column":60}},"758":{"start":{"line":1344,"column":2},"end":{"line":1344,"column":73}},"759":{"start":{"line":1348,"column":16},"end":{"line":1348,"column":26}},"760":{"start":{"line":1349,"column":16},"end":{"line":1349,"column":26}},"761":{"start":{"line":1350,"column":16},"end":{"line":1350,"column":55}},"762":{"start":{"line":1351,"column":17},"end":{"line":1351,"column":69}},"763":{"start":{"line":1351,"column":44},"end":{"line":1351,"column":68}},"764":{"start":{"line":1352,"column":2},"end":{"line":1352,"column":74}},"765":{"start":{"line":1356,"column":16},"end":{"line":1356,"column":26}},"766":{"start":{"line":1357,"column":26},"end":{"line":1357,"column":38}},"767":{"start":{"line":1358,"column":17},"end":{"line":1361,"column":4}},"768":{"start":{"line":1359,"column":14},"end":{"line":1359,"column":30}},"769":{"start":{"line":1360,"column":4},"end":{"line":1360,"column":62}},"770":{"start":{"line":1362,"column":2},"end":{"line":1362,"column":75}},"771":{"start":{"line":1368,"column":14},"end":{"line":1368,"column":46}},"772":{"start":{"line":1371,"column":2},"end":{"line":1379,"column":3}},"773":{"start":{"line":1372,"column":4},"end":{"line":1375,"column":5}},"774":{"start":{"line":1373,"column":6},"end":{"line":1373,"column":143}},"775":{"start":{"line":1374,"column":6},"end":{"line":1374,"column":13}},"776":{"start":{"line":1376,"column":4},"end":{"line":1376,"column":41}},"777":{"start":{"line":1377,"column":4},"end":{"line":1377,"column":34}},"778":{"start":{"line":1378,"column":4},"end":{"line":1378,"column":11}},"779":{"start":{"line":1382,"column":2},"end":{"line":1409,"column":3}},"780":{"start":{"line":1383,"column":18},"end":{"line":1383,"column":29}},"781":{"start":{"line":1384,"column":4},"end":{"line":1387,"column":5}},"782":{"start":{"line":1385,"column":6},"end":{"line":1385,"column":64}},"783":{"start":{"line":1386,"column":6},"end":{"line":1386,"column":13}},"784":{"start":{"line":1389,"column":15},"end":{"line":1389,"column":56}},"785":{"start":{"line":1391,"column":4},"end":{"line":1395,"column":5}},"786":{"start":{"line":1392,"column":17},"end":{"line":1392,"column":38}},"787":{"start":{"line":1393,"column":6},"end":{"line":1393,"column":116}},"788":{"start":{"line":1394,"column":6},"end":{"line":1394,"column":96}},"789":{"start":{"line":1397,"column":4},"end":{"line":1405,"column":5}},"790":{"start":{"line":1398,"column":24},"end":{"line":1398,"column":104}},"791":{"start":{"line":1399,"column":24},"end":{"line":1399,"column":46}},"792":{"start":{"line":1400,"column":24},"end":{"line":1400,"column":85}},"793":{"start":{"line":1401,"column":6},"end":{"line":1401,"column":58}},"794":{"start":{"line":1402,"column":6},"end":{"line":1402,"column":126}},"795":{"start":{"line":1403,"column":6},"end":{"line":1403,"column":122}},"796":{"start":{"line":1404,"column":6},"end":{"line":1404,"column":132}},"797":{"start":{"line":1407,"column":4},"end":{"line":1407,"column":41}},"798":{"start":{"line":1408,"column":4},"end":{"line":1408,"column":11}},"799":{"start":{"line":1412,"column":2},"end":{"line":1435,"column":3}},"800":{"start":{"line":1413,"column":23},"end":{"line":1413,"column":34}},"801":{"start":{"line":1414,"column":23},"end":{"line":1414,"column":56}},"802":{"start":{"line":1415,"column":23},"end":{"line":1415,"column":36}},"803":{"start":{"line":1416,"column":23},"end":{"line":1416,"column":44}},"804":{"start":{"line":1417,"column":23},"end":{"line":1417,"column":52}},"805":{"start":{"line":1418,"column":4},"end":{"line":1433,"column":6}},"806":{"start":{"line":1434,"column":4},"end":{"line":1434,"column":11}},"807":{"start":{"line":1438,"column":2},"end":{"line":1458,"column":3}},"808":{"start":{"line":1439,"column":19},"end":{"line":1439,"column":30}},"809":{"start":{"line":1440,"column":19},"end":{"line":1440,"column":29}},"810":{"start":{"line":1441,"column":19},"end":{"line":1441,"column":69}},"811":{"start":{"line":1441,"column":46},"end":{"line":1441,"column":68}},"812":{"start":{"line":1442,"column":21},"end":{"line":1442,"column":86}},"813":{"start":{"line":1442,"column":55},"end":{"line":1442,"column":69}},"814":{"start":{"line":1443,"column":23},"end":{"line":1443,"column":44}},"815":{"start":{"line":1444,"column":4},"end":{"line":1456,"column":6}},"816":{"start":{"line":1457,"column":4},"end":{"line":1457,"column":11}},"817":{"start":{"line":1461,"column":2},"end":{"line":1478,"column":3}},"818":{"start":{"line":1462,"column":19},"end":{"line":1462,"column":29}},"819":{"start":{"line":1463,"column":19},"end":{"line":1463,"column":69}},"820":{"start":{"line":1463,"column":46},"end":{"line":1463,"column":68}},"821":{"start":{"line":1464,"column":19},"end":{"line":1464,"column":102}},"822":{"start":{"line":1464,"column":46},"end":{"line":1464,"column":101}},"823":{"start":{"line":1465,"column":19},"end":{"line":1465,"column":33}},"824":{"start":{"line":1467,"column":18},"end":{"line":1471,"column":5}},"825":{"start":{"line":1474,"column":4},"end":{"line":1476,"column":5}},"826":{"start":{"line":1475,"column":6},"end":{"line":1475,"column":34}},"827":{"start":{"line":1477,"column":4},"end":{"line":1477,"column":11}},"828":{"start":{"line":1481,"column":2},"end":{"line":1492,"column":3}},"829":{"start":{"line":1482,"column":18},"end":{"line":1482,"column":29}},"830":{"start":{"line":1483,"column":4},"end":{"line":1486,"column":5}},"831":{"start":{"line":1484,"column":6},"end":{"line":1484,"column":55}},"832":{"start":{"line":1485,"column":6},"end":{"line":1485,"column":13}},"833":{"start":{"line":1487,"column":4},"end":{"line":1487,"column":48}},"834":{"start":{"line":1488,"column":4},"end":{"line":1490,"column":5}},"835":{"start":{"line":1489,"column":6},"end":{"line":1489,"column":76}},"836":{"start":{"line":1491,"column":4},"end":{"line":1491,"column":11}},"837":{"start":{"line":1495,"column":2},"end":{"line":1506,"column":3}},"838":{"start":{"line":1496,"column":18},"end":{"line":1496,"column":29}},"839":{"start":{"line":1497,"column":4},"end":{"line":1500,"column":5}},"840":{"start":{"line":1498,"column":6},"end":{"line":1498,"column":65}},"841":{"start":{"line":1499,"column":6},"end":{"line":1499,"column":13}},"842":{"start":{"line":1501,"column":16},"end":{"line":1501,"column":44}},"843":{"start":{"line":1502,"column":4},"end":{"line":1502,"column":33}},"844":{"start":{"line":1503,"column":4},"end":{"line":1503,"column":21}},"845":{"start":{"line":1504,"column":4},"end":{"line":1504,"column":68}},"846":{"start":{"line":1505,"column":4},"end":{"line":1505,"column":11}},"847":{"start":{"line":1509,"column":2},"end":{"line":1534,"column":3}},"848":{"start":{"line":1510,"column":4},"end":{"line":1532,"column":6}},"849":{"start":{"line":1533,"column":4},"end":{"line":1533,"column":11}},"850":{"start":{"line":1537,"column":2},"end":{"line":1543,"column":3}},"851":{"start":{"line":1538,"column":4},"end":{"line":1542,"column":6}},"852":{"start":{"line":1549,"column":35},"end":{"line":1553,"column":4}},"853":{"start":{"line":1556,"column":4},"end":{"line":1556,"column":46}},"854":{"start":{"line":1556,"column":34},"end":{"line":1556,"column":46}},"855":{"start":{"line":1557,"column":17},"end":{"line":1557,"column":44}},"856":{"start":{"line":1558,"column":17},"end":{"line":1558,"column":44}},"857":{"start":{"line":1559,"column":4},"end":{"line":1559,"column":56}},"858":{"start":{"line":1563,"column":4},"end":{"line":1563,"column":33}},"859":{"start":{"line":1563,"column":20},"end":{"line":1563,"column":33}},"860":{"start":{"line":1564,"column":4},"end":{"line":1564,"column":50}},"861":{"start":{"line":1567,"column":17},"end":{"line":1567,"column":79}},"862":{"start":{"line":1568,"column":17},"end":{"line":1568,"column":79}},"863":{"start":{"line":1569,"column":17},"end":{"line":1569,"column":69}},"864":{"start":{"line":1570,"column":18},"end":{"line":1570,"column":34}},"865":{"start":{"line":1573,"column":24},"end":{"line":1573,"column":26}},"866":{"start":{"line":1574,"column":2},"end":{"line":1579,"column":3}},"867":{"start":{"line":1575,"column":4},"end":{"line":1578,"column":26}},"868":{"start":{"line":1576,"column":19},"end":{"line":1576,"column":48}},"869":{"start":{"line":1577,"column":6},"end":{"line":1577,"column":61}},"870":{"start":{"line":1577,"column":36},"end":{"line":1577,"column":61}},"871":{"start":{"line":1580,"column":2},"end":{"line":1580,"column":86}},"872":{"start":{"line":1580,"column":31},"end":{"line":1580,"column":84}},"873":{"start":{"line":1581,"column":21},"end":{"line":1582,"column":73}},"874":{"start":{"line":1582,"column":14},"end":{"line":1582,"column":60}},"875":{"start":{"line":1585,"column":14},"end":{"line":1585,"column":23}},"876":{"start":{"line":1586,"column":2},"end":{"line":1586,"column":74}},"877":{"start":{"line":1586,"column":37},"end":{"line":1586,"column":74}},"878":{"start":{"line":1587,"column":21},"end":{"line":1587,"column":83}},"879":{"start":{"line":1589,"column":2},"end":{"line":1597,"column":4}},"880":{"start":{"line":1603,"column":16},"end":{"line":1603,"column":25}},"881":{"start":{"line":1605,"column":2},"end":{"line":1666,"column":16}},"882":{"start":{"line":1606,"column":4},"end":{"line":1606,"column":31}},"883":{"start":{"line":1606,"column":24},"end":{"line":1606,"column":31}},"884":{"start":{"line":1608,"column":50},"end":{"line":1608,"column":62}},"885":{"start":{"line":1609,"column":20},"end":{"line":1609,"column":85}},"886":{"start":{"line":1610,"column":20},"end":{"line":1610,"column":31}},"887":{"start":{"line":1613,"column":4},"end":{"line":1616,"column":5}},"888":{"start":{"line":1614,"column":6},"end":{"line":1614,"column":34}},"889":{"start":{"line":1615,"column":6},"end":{"line":1615,"column":44}},"890":{"start":{"line":1619,"column":4},"end":{"line":1622,"column":5}},"891":{"start":{"line":1620,"column":6},"end":{"line":1620,"column":33}},"892":{"start":{"line":1621,"column":6},"end":{"line":1621,"column":36}},"893":{"start":{"line":1625,"column":4},"end":{"line":1628,"column":5}},"894":{"start":{"line":1626,"column":6},"end":{"line":1626,"column":40}},"895":{"start":{"line":1627,"column":6},"end":{"line":1627,"column":40}},"896":{"start":{"line":1631,"column":4},"end":{"line":1635,"column":5}},"897":{"start":{"line":1632,"column":6},"end":{"line":1632,"column":43}},"898":{"start":{"line":1633,"column":6},"end":{"line":1633,"column":36}},"899":{"start":{"line":1634,"column":6},"end":{"line":1634,"column":36}},"900":{"start":{"line":1638,"column":4},"end":{"line":1647,"column":5}},"901":{"start":{"line":1639,"column":6},"end":{"line":1639,"column":38}},"902":{"start":{"line":1640,"column":16},"end":{"line":1640,"column":27}},"903":{"start":{"line":1641,"column":6},"end":{"line":1646,"column":7}},"904":{"start":{"line":1642,"column":8},"end":{"line":1642,"column":108}},"905":{"start":{"line":1643,"column":8},"end":{"line":1645,"column":9}},"906":{"start":{"line":1644,"column":10},"end":{"line":1644,"column":78}},"907":{"start":{"line":1650,"column":4},"end":{"line":1660,"column":5}},"908":{"start":{"line":1651,"column":6},"end":{"line":1651,"column":32}},"909":{"start":{"line":1652,"column":6},"end":{"line":1652,"column":36}},"910":{"start":{"line":1655,"column":6},"end":{"line":1655,"column":52}},"911":{"start":{"line":1655,"column":21},"end":{"line":1655,"column":52}},"912":{"start":{"line":1658,"column":22},"end":{"line":1658,"column":60}},"913":{"start":{"line":1659,"column":6},"end":{"line":1659,"column":60}},"914":{"start":{"line":1659,"column":28},"end":{"line":1659,"column":60}},"915":{"start":{"line":1663,"column":4},"end":{"line":1665,"column":5}},"916":{"start":{"line":1664,"column":6},"end":{"line":1664,"column":50}},"917":{"start":{"line":1664,"column":32},"end":{"line":1664,"column":50}},"918":{"start":{"line":1668,"column":2},"end":{"line":1668,"column":60}},"919":{"start":{"line":1674,"column":21},"end":{"line":1674,"column":53}},"920":{"start":{"line":1675,"column":2},"end":{"line":1675,"column":96}},"921":{"start":{"line":1678,"column":19},"end":{"line":1681,"column":3}},"922":{"start":{"line":1682,"column":2},"end":{"line":1687,"column":3}},"923":{"start":{"line":1683,"column":4},"end":{"line":1686,"column":5}},"924":{"start":{"line":1684,"column":6},"end":{"line":1684,"column":71}},"925":{"start":{"line":1685,"column":6},"end":{"line":1685,"column":22}},"926":{"start":{"line":1689,"column":17},"end":{"line":1689,"column":35}},"927":{"start":{"line":1691,"column":17},"end":{"line":1697,"column":4}},"928":{"start":{"line":1699,"column":2},"end":{"line":1720,"column":5}},"929":{"start":{"line":1700,"column":4},"end":{"line":1700,"column":71}},"930":{"start":{"line":1701,"column":4},"end":{"line":1701,"column":35}},"931":{"start":{"line":1703,"column":4},"end":{"line":1719,"column":6}},"932":{"start":{"line":1723,"column":2},"end":{"line":1744,"column":5}},"933":{"start":{"line":1724,"column":4},"end":{"line":1724,"column":40}},"934":{"start":{"line":1724,"column":33},"end":{"line":1724,"column":40}},"935":{"start":{"line":1725,"column":4},"end":{"line":1725,"column":53}},"936":{"start":{"line":1725,"column":46},"end":{"line":1725,"column":53}},"937":{"start":{"line":1727,"column":18},"end":{"line":1727,"column":29}},"938":{"start":{"line":1729,"column":4},"end":{"line":1736,"column":5}},"939":{"start":{"line":1730,"column":6},"end":{"line":1733,"column":7}},"940":{"start":{"line":1731,"column":8},"end":{"line":1731,"column":126}},"941":{"start":{"line":1732,"column":8},"end":{"line":1732,"column":15}},"942":{"start":{"line":1734,"column":6},"end":{"line":1734,"column":131}},"943":{"start":{"line":1735,"column":6},"end":{"line":1735,"column":67}},"944":{"start":{"line":1738,"column":4},"end":{"line":1743,"column":5}},"945":{"start":{"line":1739,"column":6},"end":{"line":1739,"column":35}},"946":{"start":{"line":1740,"column":6},"end":{"line":1740,"column":23}},"947":{"start":{"line":1741,"column":6},"end":{"line":1741,"column":112}},"948":{"start":{"line":1742,"column":6},"end":{"line":1742,"column":69}},"949":{"start":{"line":1746,"column":2},"end":{"line":1770,"column":5}},"950":{"start":{"line":1747,"column":4},"end":{"line":1747,"column":46}},"951":{"start":{"line":1747,"column":39},"end":{"line":1747,"column":46}},"952":{"start":{"line":1748,"column":4},"end":{"line":1748,"column":46}},"953":{"start":{"line":1748,"column":39},"end":{"line":1748,"column":46}},"954":{"start":{"line":1750,"column":20},"end":{"line":1750,"column":52}},"955":{"start":{"line":1753,"column":4},"end":{"line":1756,"column":5}},"956":{"start":{"line":1754,"column":6},"end":{"line":1754,"column":47}},"957":{"start":{"line":1755,"column":6},"end":{"line":1755,"column":13}},"958":{"start":{"line":1759,"column":18},"end":{"line":1759,"column":29}},"959":{"start":{"line":1760,"column":4},"end":{"line":1760,"column":39}},"960":{"start":{"line":1760,"column":32},"end":{"line":1760,"column":39}},"961":{"start":{"line":1762,"column":4},"end":{"line":1769,"column":5}},"962":{"start":{"line":1763,"column":6},"end":{"line":1763,"column":71}},"963":{"start":{"line":1764,"column":6},"end":{"line":1764,"column":67}},"964":{"start":{"line":1765,"column":11},"end":{"line":1769,"column":5}},"965":{"start":{"line":1766,"column":6},"end":{"line":1766,"column":35}},"966":{"start":{"line":1767,"column":6},"end":{"line":1767,"column":23}},"967":{"start":{"line":1768,"column":6},"end":{"line":1768,"column":87}},"968":{"start":{"line":1773,"column":2},"end":{"line":1777,"column":5}},"969":{"start":{"line":1774,"column":4},"end":{"line":1774,"column":61}},"970":{"start":{"line":1775,"column":4},"end":{"line":1775,"column":76}},"971":{"start":{"line":1776,"column":4},"end":{"line":1776,"column":20}},"972":{"start":{"line":1779,"column":2},"end":{"line":1779,"column":52}},"973":{"start":{"line":1782,"column":0},"end":{"line":1785,"column":3}},"974":{"start":{"line":1783,"column":2},"end":{"line":1783,"column":61}},"975":{"start":{"line":1784,"column":2},"end":{"line":1784,"column":18}},"976":{"start":{"line":1787,"column":0},"end":{"line":1787,"column":88}}},"fnMap":{"0":{"name":"(anonymous_0)","decl":{"start":{"line":76,"column":8},"end":{"line":76,"column":9}},"loc":{"start":{"line":76,"column":23},"end":{"line":76,"column":43}},"line":76},"1":{"name":"etDateStr","decl":{"start":{"line":85,"column":9},"end":{"line":85,"column":18}},"loc":{"start":{"line":85,"column":35},"end":{"line":87,"column":1}},"line":85},"2":{"name":"etTimeStr","decl":{"start":{"line":89,"column":9},"end":{"line":89,"column":18}},"loc":{"start":{"line":89,"column":35},"end":{"line":93,"column":1}},"line":89},"3":{"name":"etFull","decl":{"start":{"line":95,"column":9},"end":{"line":95,"column":15}},"loc":{"start":{"line":95,"column":32},"end":{"line":97,"column":1}},"line":95},"4":{"name":"getEtParts","decl":{"start":{"line":99,"column":9},"end":{"line":99,"column":19}},"loc":{"start":{"line":99,"column":36},"end":{"line":109,"column":1}},"line":99},"5":{"name":"isMarketDay","decl":{"start":{"line":111,"column":9},"end":{"line":111,"column":20}},"loc":{"start":{"line":111,"column":37},"end":{"line":116,"column":1}},"line":111},"6":{"name":"isMarketHours","decl":{"start":{"line":118,"column":9},"end":{"line":118,"column":22}},"loc":{"start":{"line":118,"column":39},"end":{"line":123,"column":1}},"line":118},"7":{"name":"optimalExpiry","decl":{"start":{"line":126,"column":9},"end":{"line":126,"column":22}},"loc":{"start":{"line":126,"column":25},"end":{"line":134,"column":1}},"line":126},"8":{"name":"daysUntil","decl":{"start":{"line":137,"column":9},"end":{"line":137,"column":18}},"loc":{"start":{"line":137,"column":28},"end":{"line":143,"column":1}},"line":137},"9":{"name":"loadState","decl":{"start":{"line":147,"column":9},"end":{"line":147,"column":18}},"loc":{"start":{"line":147,"column":21},"end":{"line":153,"column":1}},"line":147},"10":{"name":"saveState","decl":{"start":{"line":155,"column":9},"end":{"line":155,"column":18}},"loc":{"start":{"line":155,"column":22},"end":{"line":157,"column":1}},"line":155},"11":{"name":"loadPerf","decl":{"start":{"line":159,"column":9},"end":{"line":159,"column":17}},"loc":{"start":{"line":159,"column":20},"end":{"line":165,"column":1}},"line":159},"12":{"name":"savePerf","decl":{"start":{"line":167,"column":9},"end":{"line":167,"column":17}},"loc":{"start":{"line":167,"column":21},"end":{"line":169,"column":1}},"line":167},"13":{"name":"getDailyPnL","decl":{"start":{"line":173,"column":9},"end":{"line":173,"column":20}},"loc":{"start":{"line":173,"column":23},"end":{"line":178,"column":1}},"line":173},"14":{"name":"(anonymous_14)","decl":{"start":{"line":176,"column":12},"end":{"line":176,"column":13}},"loc":{"start":{"line":176,"column":17},"end":{"line":176,"column":33}},"line":176},"15":{"name":"(anonymous_15)","decl":{"start":{"line":177,"column":12},"end":{"line":177,"column":13}},"loc":{"start":{"line":177,"column":22},"end":{"line":177,"column":36}},"line":177},"16":{"name":"getDailyLossLimit","decl":{"start":{"line":180,"column":9},"end":{"line":180,"column":26}},"loc":{"start":{"line":180,"column":29},"end":{"line":185,"column":1}},"line":180},"17":{"name":"isDailyLossExceeded","decl":{"start":{"line":187,"column":9},"end":{"line":187,"column":28}},"loc":{"start":{"line":187,"column":31},"end":{"line":189,"column":1}},"line":187},"18":{"name":"calcTradeBudget","decl":{"start":{"line":197,"column":15},"end":{"line":197,"column":30}},"loc":{"start":{"line":197,"column":39},"end":{"line":224,"column":1}},"line":197},"19":{"name":"getVixLevel","decl":{"start":{"line":228,"column":15},"end":{"line":228,"column":26}},"loc":{"start":{"line":228,"column":35},"end":{"line":255,"column":1}},"line":228},"20":{"name":"classifyVix","decl":{"start":{"line":257,"column":9},"end":{"line":257,"column":20}},"loc":{"start":{"line":257,"column":26},"end":{"line":264,"column":1}},"line":257},"21":{"name":"getEarningsSymbols","decl":{"start":{"line":270,"column":15},"end":{"line":270,"column":33}},"loc":{"start":{"line":270,"column":53},"end":{"line":302,"column":1}},"line":270},"22":{"name":"(anonymous_22)","decl":{"start":{"line":295,"column":19},"end":{"line":295,"column":20}},"loc":{"start":{"line":295,"column":24},"end":{"line":297,"column":7}},"line":295},"23":{"name":"calcRSI","decl":{"start":{"line":306,"column":9},"end":{"line":306,"column":16}},"loc":{"start":{"line":306,"column":38},"end":{"line":314,"column":1}},"line":306},"24":{"name":"(anonymous_24)","decl":{"start":{"line":308,"column":37},"end":{"line":308,"column":38}},"loc":{"start":{"line":308,"column":47},"end":{"line":308,"column":60}},"line":308},"25":{"name":"(anonymous_25)","decl":{"start":{"line":309,"column":28},"end":{"line":309,"column":29}},"loc":{"start":{"line":309,"column":34},"end":{"line":309,"column":47}},"line":309},"26":{"name":"(anonymous_26)","decl":{"start":{"line":310,"column":28},"end":{"line":310,"column":29}},"loc":{"start":{"line":310,"column":34},"end":{"line":310,"column":48}},"line":310},"27":{"name":"(anonymous_27)","decl":{"start":{"line":311,"column":45},"end":{"line":311,"column":46}},"loc":{"start":{"line":311,"column":55},"end":{"line":311,"column":60}},"line":311},"28":{"name":"(anonymous_28)","decl":{"start":{"line":312,"column":46},"end":{"line":312,"column":47}},"loc":{"start":{"line":312,"column":56},"end":{"line":312,"column":61}},"line":312},"29":{"name":"calcBB","decl":{"start":{"line":316,"column":9},"end":{"line":316,"column":15}},"loc":{"start":{"line":316,"column":37},"end":{"line":322,"column":1}},"line":316},"30":{"name":"(anonymous_30)","decl":{"start":{"line":319,"column":29},"end":{"line":319,"column":30}},"loc":{"start":{"line":319,"column":39},"end":{"line":319,"column":44}},"line":319},"31":{"name":"(anonymous_31)","decl":{"start":{"line":320,"column":39},"end":{"line":320,"column":40}},"loc":{"start":{"line":320,"column":49},"end":{"line":320,"column":68}},"line":320},"32":{"name":"calcATR","decl":{"start":{"line":324,"column":9},"end":{"line":324,"column":16}},"loc":{"start":{"line":324,"column":51},"end":{"line":330,"column":1}},"line":324},"33":{"name":"(anonymous_33)","decl":{"start":{"line":326,"column":33},"end":{"line":326,"column":34}},"loc":{"start":{"line":327,"column":4},"end":{"line":327,"column":89}},"line":327},"34":{"name":"(anonymous_34)","decl":{"start":{"line":329,"column":35},"end":{"line":329,"column":36}},"loc":{"start":{"line":329,"column":45},"end":{"line":329,"column":50}},"line":329},"35":{"name":"calcVolatility","decl":{"start":{"line":332,"column":9},"end":{"line":332,"column":23}},"loc":{"start":{"line":332,"column":32},"end":{"line":337,"column":1}},"line":332},"36":{"name":"(anonymous_36)","decl":{"start":{"line":334,"column":35},"end":{"line":334,"column":36}},"loc":{"start":{"line":334,"column":45},"end":{"line":334,"column":72}},"line":334},"37":{"name":"(anonymous_37)","decl":{"start":{"line":335,"column":27},"end":{"line":335,"column":28}},"loc":{"start":{"line":335,"column":37},"end":{"line":335,"column":42}},"line":335},"38":{"name":"(anonymous_38)","decl":{"start":{"line":336,"column":31},"end":{"line":336,"column":32}},"loc":{"start":{"line":336,"column":41},"end":{"line":336,"column":60}},"line":336},"39":{"name":"intradayMomentum","decl":{"start":{"line":343,"column":9},"end":{"line":343,"column":25}},"loc":{"start":{"line":343,"column":45},"end":{"line":364,"column":1}},"line":343},"40":{"name":"(anonymous_40)","decl":{"start":{"line":345,"column":29},"end":{"line":345,"column":30}},"loc":{"start":{"line":345,"column":34},"end":{"line":345,"column":41}},"line":345},"41":{"name":"(anonymous_41)","decl":{"start":{"line":349,"column":30},"end":{"line":349,"column":31}},"loc":{"start":{"line":349,"column":40},"end":{"line":349,"column":68}},"line":349},"42":{"name":"(anonymous_42)","decl":{"start":{"line":350,"column":30},"end":{"line":350,"column":31}},"loc":{"start":{"line":350,"column":40},"end":{"line":350,"column":68}},"line":350},"43":{"name":"(anonymous_43)","decl":{"start":{"line":352,"column":39},"end":{"line":352,"column":40}},"loc":{"start":{"line":352,"column":49},"end":{"line":352,"column":54}},"line":352},"44":{"name":"(anonymous_44)","decl":{"start":{"line":353,"column":39},"end":{"line":353,"column":40}},"loc":{"start":{"line":353,"column":49},"end":{"line":353,"column":54}},"line":353},"45":{"name":"getMarketTrend","decl":{"start":{"line":370,"column":9},"end":{"line":370,"column":23}},"loc":{"start":{"line":370,"column":33},"end":{"line":380,"column":1}},"line":370},"46":{"name":"(anonymous_46)","decl":{"start":{"line":372,"column":29},"end":{"line":372,"column":30}},"loc":{"start":{"line":372,"column":34},"end":{"line":372,"column":41}},"line":372},"47":{"name":"(anonymous_47)","decl":{"start":{"line":374,"column":41},"end":{"line":374,"column":42}},"loc":{"start":{"line":374,"column":51},"end":{"line":374,"column":56}},"line":374},"48":{"name":"(anonymous_48)","decl":{"start":{"line":375,"column":42},"end":{"line":375,"column":43}},"loc":{"start":{"line":375,"column":52},"end":{"line":375,"column":57}},"line":375},"49":{"name":"calcEMA","decl":{"start":{"line":384,"column":9},"end":{"line":384,"column":16}},"loc":{"start":{"line":384,"column":33},"end":{"line":392,"column":1}},"line":384},"50":{"name":"(anonymous_50)","decl":{"start":{"line":387,"column":43},"end":{"line":387,"column":44}},"loc":{"start":{"line":387,"column":53},"end":{"line":387,"column":58}},"line":387},"51":{"name":"calcDelta","decl":{"start":{"line":396,"column":9},"end":
[...]
olumn":72}},{"start":{"line":147,"column":75},"end":{"line":147,"column":77}}],"line":147},"34":{"loc":{"start":{"line":149,"column":16},"end":{"line":149,"column":44}},"type":"binary-expr","locations":[{"start":{"line":149,"column":16},"end":{"line":149,"column":27}},{"start":{"line":149,"column":31},"end":{"line":149,"column":37}},{"start":{"line":149,"column":41},"end":{"line":149,"column":44}}],"line":149},"35":{"loc":{"start":{"line":150,"column":27},"end":{"line":150,"column":42}},"type":"binary-expr","locations":[{"start":{"line":150,"column":27},"end":{"line":150,"column":33}},{"start":{"line":150,"column":39},"end":{"line":150,"column":42}}],"line":150},"36":{"loc":{"start":{"line":151,"column":27},"end":{"line":151,"column":42}},"type":"binary-expr","locations":[{"start":{"line":151,"column":27},"end":{"line":151,"column":33}},{"start":{"line":151,"column":39},"end":{"line":151,"column":42}}],"line":151},"37":{"loc":{"start":{"line":152,"column":27},"end":{"line":152,"column":42}},"type":"binary-expr","locations":[{"start":{"line":152,"column":27},"end":{"line":152,"column":32}},{"start":{"line":152,"column":39},"end":{"line":152,"column":42}}],"line":152},"38":{"loc":{"start":{"line":153,"column":27},"end":{"line":153,"column":42}},"type":"binary-expr","locations":[{"start":{"line":153,"column":27},"end":{"line":153,"column":34}},{"start":{"line":153,"column":39},"end":{"line":153,"column":42}}],"line":153},"39":{"loc":{"start":{"line":154,"column":27},"end":{"line":154,"column":47}},"type":"binary-expr","locations":[{"start":{"line":154,"column":27},"end":{"line":154,"column":35}},{"start":{"line":154,"column":39},"end":{"line":154,"column":42}},{"start":{"line":154,"column":46},"end":{"line":154,"column":47}}],"line":154},"40":{"loc":{"start":{"line":156,"column":6},"end":{"line":156,"column":39}},"type":"if","locations":[{"start":{"line":156,"column":6},"end":{"line":156,"column":39}},{"start":{},"end":{}}],"line":156},"41":{"loc":{"start":{"line":163,"column":30},"end":{"line":163,"column":45}},"type":"default-arg","locations":[{"start":{"line":163,"column":41},"end":{"line":163,"column":45}}],"line":163},"42":{"loc":{"start":{"line":163,"column":47},"end":{"line":163,"column":57}},"type":"default-arg","locations":[{"start":{"line":163,"column":55},"end":{"line":163,"column":57}}],"line":163},"43":{"loc":{"start":{"line":165,"column":23},"end":{"line":166,"column":95}},"type":"binary-expr","locations":[{"start":{"line":165,"column":23},"end":{"line":166,"column":87}},{"start":{"line":166,"column":91},"end":{"line":166,"column":95}}],"line":165},"44":{"loc":{"start":{"line":170,"column":23},"end":{"line":170,"column":50}},"type":"binary-expr","locations":[{"start":{"line":170,"column":23},"end":{"line":170,"column":41}},{"start":{"line":170,"column":45},"end":{"line":170,"column":50}}],"line":170},"45":{"loc":{"start":{"line":173,"column":18},"end":{"line":173,"column":78}},"type":"cond-expr","locations":[{"start":{"line":173,"column":43},"end":{"line":173,"column":49}},{"start":{"line":173,"column":52},"end":{"line":173,"column":78}}],"line":173},"46":{"loc":{"start":{"line":181,"column":4},"end":{"line":181,"column":85}},"type":"if","locations":[{"start":{"line":181,"column":4},"end":{"line":181,"column":85}},{"start":{},"end":{}}],"line":181},"47":{"loc":{"start":{"line":185,"column":4},"end":{"line":185,"column":77}},"type":"if","locations":[{"start":{"line":185,"column":4},"end":{"line":185,"column":77}},{"start":{},"end":{}}],"line":185},"48":{"loc":{"start":{"line":187,"column":23},"end":{"line":187,"column":45}},"type":"binary-expr","locations":[{"start":{"line":187,"column":23},"end":{"line":187,"column":39}},{"start":{"line":187,"column":43},"end":{"line":187,"column":45}}],"line":187},"49":{"loc":{"start":{"line":192,"column":25},"end":{"line":192,"column":41}},"type":"binary-expr","locations":[{"start":{"line":192,"column":25},"end":{"line":192,"column":34}},{"start":{"line":192,"column":40},"end":{"line":192,"column":41}}],"line":192},"50":{"loc":{"start":{"line":193,"column":25},"end":{"line":193,"column":41}},"type":"binary-expr","locations":[{"start":{"line":193,"column":25},"end":{"line":193,"column":34}},{"start":{"line":193,"column":40},"end":{"line":193,"column":41}}],"line":193},"51":{"loc":{"start":{"line":194,"column":25},"end":{"line":194,"column":41}},"type":"binary-expr","locations":[{"start":{"line":194,"column":25},"end":{"line":194,"column":33}},{"start":{"line":194,"column":40},"end":{"line":194,"column":41}}],"line":194},"52":{"loc":{"start":{"line":195,"column":25},"end":{"line":195,"column":41}},"type":"binary-expr","locations":[{"start":{"line":195,"column":25},"end":{"line":195,"column":35}},{"start":{"line":195,"column":40},"end":{"line":195,"column":41}}],"line":195},"53":{"loc":{"start":{"line":196,"column":25},"end":{"line":196,"column":41}},"type":"binary-expr","locations":[{"start":{"line":196,"column":25},"end":{"line":196,"column":36}},{"start":{"line":196,"column":40},"end":{"line":196,"column":41}}],"line":196},"54":{"loc":{"start":{"line":211,"column":19},"end":{"line":211,"column":55}},"type":"binary-expr","locations":[{"start":{"line":211,"column":19},"end":{"line":211,"column":34}},{"start":{"line":211,"column":38},"end":{"line":211,"column":47}},{"start":{"line":211,"column":51},"end":{"line":211,"column":55}}],"line":211},"55":{"loc":{"start":{"line":212,"column":30},"end":{"line":212,"column":69}},"type":"binary-expr","locations":[{"start":{"line":212,"column":30},"end":{"line":212,"column":39}},{"start":{"line":212,"column":43},"end":{"line":212,"column":51}},{"start":{"line":212,"column":55},"end":{"line":212,"column":64}},{"start":{"line":212,"column":68},"end":{"line":212,"column":69}}],"line":212},"56":{"loc":{"start":{"line":213,"column":6},"end":{"line":221,"column":8}},"type":"if","locations":[{"start":{"line":213,"column":6},"end":{"line":221,"column":8}},{"start":{},"end":{}}],"line":213},"57":{"loc":{"start":{"line":216,"column":34},"end":{"line":216,"column":46}},"type":"binary-expr","locations":[{"start":{"line":216,"column":34},"end":{"line":216,"column":41}},{"start":{"line":216,"column":45},"end":{"line":216,"column":46}}],"line":216},"58":{"loc":{"start":{"line":217,"column":34},"end":{"line":217,"column":46}},"type":"binary-expr","locations":[{"start":{"line":217,"column":34},"end":{"line":217,"column":41}},{"start":{"line":217,"column":45},"end":{"line":217,"column":46}}],"line":217},"59":{"loc":{"start":{"line":218,"column":34},"end":{"line":218,"column":49}},"type":"binary-expr","locations":[{"start":{"line":218,"column":34},"end":{"line":218,"column":44}},{"start":{"line":218,"column":48},"end":{"line":218,"column":49}}],"line":218},"60":{"loc":{"start":{"line":219,"column":34},"end":{"line":219,"column":75}},"type":"binary-expr","locations":[{"start":{"line":219,"column":34},"end":{"line":219,"column":49}},{"start":{"line":219,"column":53},"end":{"line":219,"column":70}},{"start":{"line":219,"column":74},"end":{"line":219,"column":75}}],"line":219},"61":{"loc":{"start":{"line":220,"column":34},"end":{"line":220,"column":49}},"type":"binary-expr","locations":[{"start":{"line":220,"column":34},"end":{"line":220,"column":44}},{"start":{"line":220,"column":48},"end":{"line":220,"column":49}}],"line":220},"62":{"loc":{"start":{"line":226,"column":4},"end":{"line":226,"column":75}},"type":"if","locations":[{"start":{"line":226,"column":4},"end":{"line":226,"column":75}},{"start":{},"end":{}}],"line":226},"63":{"loc":{"start":{"line":247,"column":17},"end":{"line":247,"column":60}},"type":"binary-expr","locations":[{"start":{"line":247,"column":17},"end":{"line":247,"column":27}},{"start":{"line":247,"column":31},"end":{"line":247,"column":46}},{"start":{"line":247,"column":50},"end":{"line":247,"column":54}},{"start":{"line":247,"column":58},"end":{"line":247,"column":60}}],"line":247},"64":{"loc":{"start":{"line":248,"column":11},"end":{"line":248,"column":40}},"type":"cond-expr","locations":[{"start":{"line":248,"column":32},"end":{"line":248,"column":35}},{"start":{"line":248,"column":38},"end":{"line":248,"column":40}}],"line":248},"65":{"loc":{"start":{"line":257,"column":11},"end":{"line":257,"column":29}},"type":"binary-expr","locations":[{"start":{"line":257,"column":11},"end":{"line":257,"column":21}},{"start":{"line":257,"column":25},"end":{"line":257,"column":29}}],"line":257},"66":{"loc":{"start":{"line":265,"column":11},"end":{"line":265,"column":51}},"type":"binary-expr","locations":[{"start":{"line":265,"column":11},"end":{"line":265,"column":21}},{"start":{"line":265,"column":25},"end":{"line":265,"column":37}},{"start":{"line":265,"column":41},"end":{"line":265,"column":45}},{"start":{"line":265,"column":49},"end":{"line":265,"column":51}}],"line":265},"67":{"loc":{"start":{"line":271,"column":11},"end":{"line":271,"column":29}},"type":"binary-expr","locations":[{"start":{"line":271,"column":11},"end":{"line":271,"column":21}},{"start":{"line":271,"column":25},"end":{"line":271,"column":29}}],"line":271},"68":{"loc":{"start":{"line":275,"column":24},"end":{"line":275,"column":63}},"type":"default-arg","locations":[{"start":{"line":275,"column":61},"end":{"line":275,"column":63}}],"line":275},"69":{"loc":{"start":{"line":275,"column":46},"end":{"line":275,"column":56}},"type":"default-arg","locations":[{"start":{"line":275,"column":54},"end":{"line":275,"column":56}}],"line":275},"70":{"loc":{"start":{"line":279,"column":11},"end":{"line":279,"column":51}},"type":"binary-expr","locations":[{"start":{"line":279,"column":11},"end":{"line":279,"column":21}},{"start":{"line":279,"column":25},"end":{"line":279,"column":37}},{"start":{"line":279,"column":41},"end":{"line":279,"column":45}},{"start":{"line":279,"column":49},"end":{"line":279,"column":51}}],"line":279},"71":{"loc":{"start":{"line":301,"column":4},"end":{"line":301,"column":117}},"type":"if","locations":[{"start":{"line":301,"column":4},"end":{"line":301,"column":117}},{"start":{},"end":{}}],"line":301},"72":{"loc":{"start":{"line":302,"column":4},"end":{"line":302,"column":77}},"type":"if","locations":[{"start":{"line":302,"column":4},"end":{"line":302,"column":77}},{"start":{},"end":{}}],"line":302},"73":{"loc":{"start":{"line":303,"column":4},"end":{"line":303,"column":81}},"type":"if","locations":[{"start":{"line":303,"column":4},"end":{"line":303,"column":81}},{"start":{},"end":{}}],"line":303},"74":{"loc":{"start":{"line":304,"column":4},"end":{"line":304,"column":109}},"type":"if","locations":[{"start":{"line":304,"column":4},"end":{"line":304,"column":109}},{"start":{},"end":{}}],"line":304},"75":{"loc":{"start":{"line":312,"column":20},"end":{"line":312,"column":39}},"type":"binary-expr","locations":[{"start":{"line":312,"column":20},"end":{"line":312,"column":30}},{"start":{"line":312,"column":34},"end":{"line":312,"column":39}}],"line":312},"76":{"loc":{"start":{"line":315,"column":19},"end":{"line":315,"column":45}},"type":"binary-expr","locations":[{"start":{"line":315,"column":19},"end":{"line":315,"column":36}},{"start":{"line":315,"column":40},"end":{"line":315,"column":45}}],"line":315},"77":{"loc":{"start":{"line":325,"column":17},"end":{"line":325,"column":35}},"type":"binary-expr","locations":[{"start":{"line":325,"column":17},"end":{"line":325,"column":27}},{"start":{"line":325,"column":31},"end":{"line":325,"column":35}}],"line":325},"78":{"loc":{"start":{"line":327,"column":20},"end":{"line":327,"column":82}},"type":"binary-expr","locations":[{"start":{"line":327,"column":20},"end":{"line":327,"column":32}},{"start":{"line":327,"column":36},"end":{"line":327,"column":49}},{"start":{"line":327,"column":53},"end":{"line":327,"column":60}},{"start":{"line":327,"column":64},"end":{"line":327,"column":82}}],"line":327},"79":{"loc":{"start":{"line":329,"column":30},"end":{"line":329,"column":56}},"type":"binary-expr","locations":[{"start":{"line":329,"column":30},"end":{"line":329,"column":41}},{"start":{"line":329,"column":45},"end":{"line":329,"column":56}}],"line":329},"80":{"loc":{"start":{"line":337,"column":32},"end":{"line":337,"column":42}},"type":"default-arg","locations":[{"start":{"line":337,"column":38},"end":{"line":337,"column":42}}],"line":337},"81":{"loc":{"start":{"line":338,"column":22},"end":{"line":338,"column":53}},"type":"binary-expr","locations":[{"start":{"line":338,"column":22},"end":{"line":338,"column":25}},{"start":{"line":338,"column":29},"end":{"line":338,"column":53}}],"line":338},"82":{"loc":{"start":{"line":350,"column":68},"end":{"line":350,"column":122}},"type":"cond-expr","locations":[{"start":{"line":350,"column":74},"end":{"line":350,"column":117}},{"start":{"line":350,"column":120},"end":{"line":350,"column":122}}],"line":350},"83":{"loc":{"start":{"line":352,"column":11},"end":{"line":352,"column":29}},"type":"binary-expr","locations":[{"start":{"line":352,"column":11},"end":{"line":352,"column":21}},{"start":{"line":352,"column":25},"end":{"line":352,"column":29}}],"line":352},"84":{"loc":{"start":{"line":364,"column":19},"end":{"line":364,"column":66}},"type":"binary-expr","locations":[{"start":{"line":364,"column":19},"end":{"line":364,"column":38}},{"start":{"line":364,"column":42},"end":{"line":364,"column":52}},{"start":{"line":364,"column":56},"end":{"line":364,"column":60}},{"start":{"line":364,"column":64},"end":{"line":364,"column":66}}],"line":364},"85":{"loc":{"start":{"line":366,"column":21},"end":{"line":366,"column":45}},"type":"binary-expr","locations":[{"start":{"line":366,"column":21},"end":{"line":366,"column":33}},{"start":{"line":366,"column":39},"end":{"line":366,"column":45}}],"line":366},"86":{"loc":{"start":{"line":367,"column":32},"end":{"line":367,"column":62}},"type":"binary-expr","locations":[{"start":{"line":367,"column":32},"end":{"line":367,"column":45}},{"start":{"line":367,"column":49},"end":{"line":367,"column":57}},{"start":{"line":367,"column":61},"end":{"line":367,"column":62}}],"line":367},"87":{"loc":{"start":{"line":368,"column":32},"end":{"line":368,"column":44}},"type":"binary-expr","locations":[{"start":{"line":368,"column":32},"end":{"line":368,"column":37}},{"start":{"line":368,"column":43},"end":{"line":368,"column":44}}],"line":368},"88":{"loc":{"start":{"line":369,"column":32},"end":{"line":369,"column":44}},"type":"binary-expr","locations":[{"start":{"line":369,"column":32},"end":{"line":369,"column":37}},{"start":{"line":369,"column":43},"end":{"line":369,"column":44}}],"line":369},"89":{"loc":{"start":{"line":370,"column":32},"end":{"line":370,"column":54}},"type":"binary-expr","locations":[{"start":{"line":370,"column":32},"end":{"line":370,"column":39}},{"start":{"line":370,"column":43},"end":{"line":370,"column":49}},{"start":{"line":370,"column":53},"end":{"line":370,"column":54}}],"line":370},"90":{"loc":{"start":{"line":371,"column":30},"end":{"line":371,"column":43}},"type":"binary-expr","locations":[{"start":{"line":371,"column":30},"end":{"line":371,"column":38}},{"start":{"line":371,"column":42},"end":{"line":371,"column":43}}],"line":371},"91":{"loc":{"start":{"line":372,"column":30},"end":{"line":372,"column":57}},"type":"binary-expr","locations":[{"start":{"line":372,"column":30},"end":{"line":372,"column":44}},{"start":{"line":372,"column":48},"end":{"line":372,"column":52}},{"start":{"line":372,"column":56},"end":{"line":372,"column":57}}],"line":372},"92":{"loc":{"start":{"line":373,"column":32},"end":{"line":373,"column":64}},"type":"binary-expr","locations":[{"start":{"line":373,"column":32},"end":{"line":373,"column":51}},{"start":{"line":373,"column":55},"end":{"line":373,"column":59}},{"start":{"line":373,"column":63},"end":{"line":373,"column":64}}],"line":373},"93":{"loc":{"start":{"line":374,"column":20},"end":{"line":374,"column":65}},"type":"binary-expr","locations":[{"start":{"line":374,"column":20},"end":{"line":374,"column":37}},{"start":{"line":374,"column":42},"end":{"line":374,"column":51}},{"start":{"line":374,"column":55},"end":{"line":374,"column":64}}],"line":374},"94":{"loc":{"start":{"line":379,"column":4},"end":{"line":379,"column":88}},"type":"if","locations":[{"start":{"line":379,"column":4},"end":{"line":379,"column":88}},{"start":{},"end":{}}],"line":379},"95":{"loc":{"start":{"line":379,"column":8},"end":{"line":379,"column":79}},"type":"binary-expr","locations":[{"start":{"line":379,"column":8},"end":{"line":379,"column":16}},{"start":{"line":379,"column":20},"end":{"line":379,"column":48}},{"start":{"line":379,"column":52},"end":{"line":379,"column":79}}],"line":379},"96":{"loc":{"start":{"line":382,"column":11},"end":{"line":382,"column":29}},"type":"binary-expr","locations":[{"start":{"line":382,"column":11},"end":{"line":382,"column":21}},{"start":{"line":382,"column":25},"end":{"line":382,"column":29}}],"line":382},"97":{"loc":{"start":{"line":389,"column":11},"end":{"line":389,"column":29}},"type":"binary-expr","locations":[{"start":{"line":389,"column":11},"end":{"line":389,"column":21}},{"start":{"line":389,"column":25},"end":{"line":389,"column":29}}],"line":389},"98":{"loc":{"start":{"line":396,"column":4},"end":{"line":396,"column":52}},"type":"if","locations":[{"start":{"line":396,"column":4},"end":{"line":396,"column":52}},{"start":{},"end":{}}],"line":396},"99":{"loc":{"start":{"line":402,"column":11},"end":{"line":404,"column":12}},"type":"cond-expr","locations":[{"start":{"line":403,"column":8},"end":{"line":403,"column":128}},{"start":{"line":404,"column":8},"end":{"line":404,"column":12}}],"line":402}},"s":{"0":0,"1":0,"2":0,"3":0,"4":0,"5":0,"6":0,"7":0,"8":0,"9":0,"10":0,"11":0,"12":0,"13":0,"14":0,"15":0,"16":0,"17":0,"18":0,"19":0,"20":0,"21":0,"22":0,"23":0,"24":0,"25":0,"26":0,"27":0,"28":0,"29":0,"30":0,"31":0,"32":0,"33":0,"34":0,"35":0,"36":0,"37":0,"38":0,"39":0,"40":0,"41":0,"42":0,"43":0,"44":0,"45":0,"46":0,"47":0,"48":0,"49":0,"50":0,"51":0,"52":0,"53":0,"54":0,"55":0,"56":0,"57":0,"58":0,"59":0,"60":0,"61":0,"62":0,"63":0,"64":0,"65":0,"66":0,"67":0,"68":0,"69":0,"70":0,"71":0,"72":0,"73":0,"74":0,"75":0,"76":0,"77":0,"78":0,"79":0,"80":0,"81":0,"82":0,"83":0,"84":0,"85":0,"86":0,"87":0,"88":0,"89":0,"90":0,"91":0,"92":0,"93":0,"94":0,"95":0,"96":0,"97":0,"98":0,"99":0,"100":0,"101":0,"102":0,"103":0,"104":0,"105":0,"106":0,"107":0,"108":0,"109":0,"110":0,"111":0,"112":0,"113":0,"114":0,"115":0,"116":0,"117":0,"118":0,"119":0,"120":0,"121":0,"122":0,"123":0,"124":0,"125":0,"126":0,"127":0,"128":0,"129":0,"130":0,"131":0,"132":0,"133":0,"134":0,"135":0,"136":0,"137":0,"138":0,"139":0,"140":0,"141":0,"142":0,"143":0,"144":0,"145":0,"146":0,"147":0,"148":0,"149":0,"150":0,"151":0,"152":0},"f":{"0":0,"1":0,"2":0,"3":0,"4":0,"5":0,"6":0,"7":0,"8":0,"9":0,"10":0,"11":0,"12":0,"13":0,"14":0,"15":0,"16":0,"17":0,"18":0,"19":0,"20":0,"21":0,"22":0,"23":0,"24":0,"25":0,"26":0},"b":{"0":[0,0],"1":[0,0],"2":[0,0],"3":[0,0],"4":[0,0],"5":[0,0],"6":[0,0],"7":[0,0],"8":[0,0],"9":[0,0,0],"10":[0,0],"11":[0,0],"12":[0,0],"13":[0,0],"14":[0,0],"15":[0,0,0],"16":[0,0],"17":[0,0],"18":[0,0],"19":[0],"20":[0],"21":[0,0],"22":[0,0],"23":[0,0],"24":[0,0],"25":[0,0],"26":[0,0],"27":[0,0],"28":[0,0],"29":[0],"30":[0],"31":[0,0],"32":[0,0],"33":[0,0],"34":[0,0,0],"35":[0,0],"36":[0,0],"37":[0,0],"38":[0,0],"39":[0,0,0],"40":[0,0],"41":[0],"42":[0],"43":[0,0],"44":[0,0],"45":[0,0],"46":[0,0],"47":[0,0],"48":[0,0],"49":[0,0],"50":[0,0],"51":[0,0],"52":[0,0],"53":[0,0],"54":[0,0,0],"55":[0,0,0,0],"56":[0,0],"57":[0,0],"58":[0,0],"59":[0,0],"60":[0,0,0],"61":[0,0],"62":[0,0],"63":[0,0,0,0],"64":[0,0],"65":[0,0],"66":[0,0,0,0],"67":[0,0],"68":[0],"69":[0],"70":[0,0,0,0],"71":[0,0],"72":[0,0],"73":[0,0],"74":[0,0],"75":[0,0],"76":[0,0],"77":[0,0],"78":[0,0,0,0],"79":[0,0],"80":[0],"81":[0,0],"82":[0,0],"83":[0,0],"84":[0,0,0,0],"85":[0,0],"86":[0,0,0],"87":[0,0],"88":[0,0],"89":[0,0,0],"90":[0,0],"91":[0,0,0],"92":[0,0,0],"93":[0,0,0],"94":[0,0],"95":[0,0,0],"96":[0,0],"97":[0,0],"98":[0,0],"99":[0,0]}}
}
