TN:
SF:swing-options-bot.js
FN:76,(anonymous_0)
FN:85,etDateStr
FN:89,etTimeStr
FN:95,etFull
FN:99,getEtParts
FN:111,isMarketDay
FN:118,isMarketHours
FN:126,optimalExpiry
FN:137,daysUntil
FN:147,loadState
FN:155,saveState
FN:159,loadPerf
FN:167,savePerf
FN:173,getDailyPnL
FN:176,(anonymous_14)
FN:177,(anonymous_15)
FN:180,getDailyLossLimit
FN:187,isDailyLossExceeded
FN:197,calcTradeBudget
FN:228,getVixLevel
FN:257,classifyVix
FN:270,getEarningsSymbols
FN:295,(anonymous_22)
FN:306,calcRSI
FN:308,(anonymous_24)
FN:309,(anonymous_25)
FN:310,(anonymous_26)
FN:311,(anonymous_27)
FN:312,(anonymous_28)
FN:316,calcBB
FN:319,(anonymous_30)
FN:320,(anonymous_31)
FN:324,calcATR
FN:326,(anonymous_33)
FN:329,(anonymous_34)
FN:332,calcVolatility
FN:334,(anonymous_36)
FN:335,(anonymous_37)
FN:336,(anonymous_38)
FN:343,intradayMomentum
FN:345,(anonymous_40)
FN:349,(anonymous_41)
FN:350,(anonymous_42)
FN:352,(anonymous_43)
FN:353,(anonymous_44)
FN:370,getMarketTrend
FN:372,(anonymous_46)
FN:374,(anonymous_47)
FN:375,(anonymous_48)
FN:384,calcEMA
FN:387,(anonymous_50)
FN:396,calcDelta
FN:405,calcRecentWinRate
FN:409,(anonymous_53)
FN:413,scaleBudgetByWinRate
FN:422,calcHistVolPercentile
FN:424,(anonymous_56)
FN:437,(anonymous_57)
FN:440,(anonymous_58)
FN:444,isValidIVRank
FN:451,calcMACD
FN:507,scoreSetup
FN:510,(anonymous_62)
FN:511,(anonymous_63)
FN:512,(anonymous_64)
FN:513,(anonymous_65)
FN:598,(anonymous_66)
FN:620,cnd
FN:627,blackScholes
FN:638,roundToStrike
FN:649,calcOptionPosition
FN:694,calcOptionPositionFromChain
FN:697,(anonymous_72)
FN:708,(anonymous_73)
FN:734,sendMsg
FN:745,sendApproval
FN:763,runScan
FN:796,(anonymous_77)
FN:832,(anonymous_78)
FN:834,(anonymous_79)
FN:853,(anonymous_80)
FN:884,(anonymous_81)
FN:892,(anonymous_82)
FN:959,(anonymous_83)
FN:968,(anonymous_84)
FN:999,(anonymous_85)
FN:1016,placeTradeOrder
FN:1084,closePosition
FN:1103,(anonymous_88)
FN:1149,monitor2Min
FN:1177,(anonymous_90)
FN:1204,(anonymous_91)
FN:1271,post15MinUpdate
FN:1275,(anonymous_93)
FN:1293,calcStats
FN:1295,(anonymous_95)
FN:1296,(anonymous_96)
FN:1297,(anonymous_97)
FN:1298,(anonymous_98)
FN:1299,(anonymous_99)
FN:1300,(anonymous_100)
FN:1301,(anonymous_101)
FN:1304,(anonymous_102)
FN:1305,(anonymous_103)
FN:1315,(anonymous_104)
FN:1317,(anonymous_105)
FN:1322,formatPerfReport
FN:1340,postDailyReport
FN:1343,(anonymous_108)
FN:1347,postWeeklyReport
FN:1351,(anonymous_110)
FN:1355,postMonthlyReport
FN:1358,(anonymous_112)
FN:1367,handleCommand
FN:1441,(anonymous_114)
FN:1442,(anonymous_115)
FN:1463,(anonymous_116)
FN:1464,(anonymous_117)
FN:1548,postMarketBrief
FN:1555,pctChange
FN:1562,fmtPct
FN:1580,(anonymous_121)
FN:1582,(anonymous_122)
FN:1602,startScheduler
FN:1605,(anonymous_124)
FN:1673,main
FN:1699,(anonymous_126)
FN:1723,(anonymous_127)
FN:1746,(anonymous_128)
FN:1773,(anonymous_129)
FN:1782,(anonymous_130)
FNF:131
FNH:0
FNDA:0,(anonymous_0)
FNDA:0,etDateStr
FNDA:0,etTimeStr
FNDA:0,etFull
FNDA:0,getEtParts
FNDA:0,isMarketDay
FNDA:0,isMarketHours
FNDA:0,optimalExpiry
FNDA:0,daysUntil
FNDA:0,loadState
FNDA:0,saveState
FNDA:0,loadPerf
FNDA:0,savePerf
FNDA:0,getDailyPnL
FNDA:0,(anonymous_14)
FNDA:0,(anonymous_15)
FNDA:0,getDailyLossLimit
FNDA:0,isDailyLossExceeded
FNDA:0,calcTradeBudget
FNDA:0,getVixLevel
FNDA:0,classifyVix
FNDA:0,getEarningsSymbols
FNDA:0,(anonymous_22)
FNDA:0,calcRSI
FNDA:0,(anonymous_24)
FNDA:0,(anonymous_25)
FNDA:0,(anonymous_26)
FNDA:0,(anonymous_27)
FNDA:0,(anonymous_28)
FNDA:0,calcBB
FNDA:0,(anonymous_30)
FNDA:0,(anonymous_31)
FNDA:0,calcATR
FNDA:0,(anonymous_33)
FNDA:0,(anonymous_34)
FNDA:0,calcVolatility
FNDA:0,(anonymous_36)
FNDA:0,(anonymous_37)
FNDA:0,(anonymous_38)
FNDA:0,intradayMomentum
FNDA:0,(anonymous_40)
FNDA:0,(anonymous_41)
FNDA:0,(anonymous_42)
FNDA:0,(anonymous_43)
FNDA:0,(anonymous_44)
FNDA:0,getMarketTrend
FNDA:0,(anonymous_46)
FNDA:0,(anonymous_47)
FNDA:0,(anonymous_48)
FNDA:0,calcEMA
FNDA:0,(anonymous_50)
FNDA:0,calcDelta
FNDA:0,calcRecentWinRate
FNDA:0,(anonymous_53)
FNDA:0,scaleBudgetByWinRate
FNDA:0,calcHistVolPercentile
FNDA:0,(anonymous_56)
FNDA:0,(anonymous_57)
FNDA:0,(anonymous_58)
FNDA:0,isValidIVRank
FNDA:0,calcMACD
FNDA:0,scoreSetup
FNDA:0,(anonymous_62)
FNDA:0,(anonymous_63)
FNDA:0,(anonymous_64)
FNDA:0,(anonymous_65)
FNDA:0,(anonymous_66)
FNDA:0,cnd
FNDA:0,blackScholes
FNDA:0,roundToStrike
FNDA:0,calcOptionPosition
FNDA:0,calcOptionPositionFromChain
FNDA:0,(anonymous_72)
FNDA:0,(anonymous_73)
FNDA:0,sendMsg
FNDA:0,sendApproval
FNDA:0,runScan
FNDA:0,(anonymous_77)
FNDA:0,(anonymous_78)
FNDA:0,(anonymous_79)
FNDA:0,(anonymous_80)
FNDA:0,(anonymous_81)
FNDA:0,(anonymous_82)
FNDA:0,(anonymous_83)
FNDA:0,(anonymous_84)
FNDA:0,(anonymous_85)
FNDA:0,placeTradeOrder
FNDA:0,closePosition
FNDA:0,(anonymous_88)
FNDA:0,monitor2Min
FNDA:0,(anonymous_90)
FNDA:0,(anonymous_91)
FNDA:0,post15MinUpdate
FNDA:0,(anonymous_93)
FNDA:0,calcStats
FNDA:0,(anonymous_95)
FNDA:0,(anonymous_96)
FNDA:0,(anonymous_97)
FNDA:0,(anonymous_98)
FNDA:0,(anonymous_99)
FNDA:0,(anonymous_100)
FNDA:0,(anonymous_101)
FNDA:0,(anonymous_102)
FNDA:0,(anonymous_103)
FNDA:0,(anonymous_104)
FNDA:0,(anonymous_105)
FNDA:0,formatPerfReport
FNDA:0,postDailyReport
FNDA:0,(anonymous_108)
FNDA:0,postWeeklyReport
FNDA:0,(anonymous_110)
FNDA:0,postMonthlyReport
FNDA:0,(anonymous_112)
FNDA:0,handleCommand
FNDA:0,(anonymous_114)
FNDA:0,(anonymous_115)
FNDA:0,(anonymous_116)
FNDA:0,(anonymous_117)
FNDA:0,postMarketBrief
FNDA:0,pctChange
FNDA:0,fmtPct
FNDA:0,(anonymous_121)
FNDA:0,(anonymous_122)
FNDA:0,startScheduler
FNDA:0,(anonymous_124)
FNDA:0,main
FNDA:0,(anonymous_126)
FNDA:0,(anonymous_127)
FNDA:0,(anonymous_128)
FNDA:0,(anonymous_129)
FNDA:0,(anonymous_130)
DA:19,0
DA:20,0
DA:21,0
DA:22,0
DA:26,0
DA:27,0
DA:28,0
DA:30,0
DA:31,0
DA:32,0
DA:33,0
DA:34,0
DA:36,0
DA:37,0
DA:38,0
DA:39,0
DA:42,0
DA:76,0
DA:78,0
DA:86,0
DA:90,0
DA:96,0
DA:100,0
DA:101,0
DA:112,0
DA:113,0
DA:114,0
DA:115,0
DA:119,0
DA:120,0
DA:121,0
DA:122,0
DA:127,0
DA:128,0
DA:129,0
DA:130,0
DA:131,0
DA:132,0
DA:133,0
DA:138,0
DA:139,0
DA:140,0
DA:141,0
DA:142,0
DA:148,0
DA:149,0
DA:151,0
DA:156,0
DA:160,0
DA:161,0
DA:163,0
DA:168,0
DA:174,0
DA:175,0
DA:176,0
DA:177,0
DA:182,0
DA:183,0
DA:184,0
DA:188,0
DA:198,0
DA:199,0
DA:200,0
DA:203,0
DA:205,0
DA:206,0
DA:207,0
DA:209,0
DA:210,0
DA:213,0
DA:215,0
DA:216,0
DA:217,0
DA:218,0
DA:221,0
DA:223,0
DA:230,0
DA:231,0
DA:232,0
DA:233,0
DA:238,0
DA:239,0
DA:246,0
DA:247,0
DA:248,0
DA:249,0
DA:250,0
DA:254,0
DA:258,0
DA:259,0
DA:260,0
DA:261,0
DA:262,0
DA:263,0
DA:271,0
DA:272,0
DA:274,0
DA:275,0
DA:276,0
DA:278,0
DA:280,0
DA:281,0
DA:282,0
DA:292,0
DA:293,0
DA:294,0
DA:295,0
DA:296,0
DA:301,0
DA:307,0
DA:308,0
DA:309,0
DA:310,0
DA:311,0
DA:312,0
DA:313,0
DA:317,0
DA:318,0
DA:319,0
DA:320,0
DA:321,0
DA:325,0
DA:326,0
DA:327,0
DA:329,0
DA:333,0
DA:334,0
DA:335,0
DA:336,0
DA:344,0
DA:345,0
DA:346,0
DA:347,0
DA:348,0
DA:349,0
DA:350,0
DA:352,0
DA:353,0
DA:354,0
DA:356,0
DA:357,0
DA:358,0
DA:360,0
DA:361,0
DA:363,0
DA:371,0
DA:372,0
DA:373,0
DA:374,0
DA:375,0
DA:376,0
DA:377,0
DA:378,0
DA:379,0
DA:385,0
DA:386,0
DA:387,0
DA:388,0
DA:389,0
DA:391,0
DA:397,0
DA:398,0
DA:399,0
DA:400,0
DA:406,0
DA:407,0
DA:408,0
DA:409,0
DA:410,0
DA:414,0
DA:416,0
DA:417,0
DA:423,0
DA:424,0
DA:425,0
DA:428,0
DA:429,0
DA:430,0
DA:431,0
DA:434,0
DA:436,0
DA:437,0
DA:440,0
DA:441,0
DA:445,0
DA:447,0
DA:448,0
DA:452,0
DA:453,0
DA:454,0
DA:455,0
DA:456,0
DA:457,0
DA:459,0
DA:460,0
DA:462,0
DA:463,0
DA:464,0
DA:465,0
DA:466,0
DA:468,0
DA:469,0
DA:471,0
DA:482,0
DA:493,0
DA:494,0
DA:495,0
DA:496,0
DA:508,0
DA:510,0
DA:511,0
DA:512,0
DA:513,0
DA:515,0
DA:516,0
DA:517,0
DA:518,0
DA:519,0
DA:521,0
DA:522,0
DA:524,0
DA:525,0
DA:526,0
DA:529,0
DA:530,0
DA:531,0
DA:532,0
DA:533,0
DA:534,0
DA:535,0
DA:536,0
DA:537,0
DA:541,0
DA:542,0
DA:543,0
DA:544,0
DA:545,0
DA:546,0
DA:547,0
DA:548,0
DA:549,0
DA:552,0
DA:555,0
DA:556,0
DA:557,0
DA:558,0
DA:559,0
DA:560,0
DA:561,0
DA:562,0
DA:565,0
DA:568,0
DA:569,0
DA:570,0
DA:571,0
DA:572,0
DA:573,0
DA:574,0
DA:575,0
DA:576,0
DA:577,0
DA:579,0
DA:584,0
DA:585,0
DA:586,0
DA:587,0
DA:588,0
DA:589,0
DA:590,0
DA:591,0
DA:592,0
DA:593,0
DA:598,0
DA:599,0
DA:600,0
DA:601,0
DA:602,0
DA:603,0
DA:607,0
DA:608,0
DA:611,0
DA:612,0
DA:614,0
DA:621,0
DA:622,0
DA:623,0
DA:624,0
DA:628,0
DA:629,0
DA:630,0
DA:631,0
DA:632,0
DA:633,0
DA:639,0
DA:640,0
DA:641,0
DA:651,0
DA:652,0
DA:655,0
DA:659,0
DA:660,0
DA:661,0
DA:662,0
DA:664,0
DA:665,0
DA:668,0
DA:669,0
DA:671,0
DA:672,0
DA:674,0
DA:675,0
DA:677,0
DA:687,0
DA:696,0
DA:698,0
DA:700,0
DA:701,0
DA:702,0
DA:703,0
DA:704,0
DA:706,0
DA:708,0
DA:710,0
DA:711,0
DA:712,0
DA:713,0
DA:714,0
DA:716,0
DA:717,0
DA:719,0
DA:720,0
DA:729,0
DA:735,0
DA:736,0
DA:737,0
DA:739,0
DA:740,0
DA:746,0
DA:747,0
DA:748,0
DA:752,0
DA:754,0
DA:755,0
DA:761,0
DA:764,0
DA:765,0
DA:766,0
DA:768,0
DA:769,0
DA:770,0
DA:773,0
DA:774,0
DA:775,0
DA:776,0
DA:778,0
DA:779,0
DA:780,0
DA:783,0
DA:784,0
DA:786,0
DA:787,0
DA:788,0
DA:789,0
DA:793,0
DA:794,0
DA:796,0
DA:797,0
DA:798,0
DA:801,0
DA:802,0
DA:803,0
DA:805,0
DA:811,0
DA:812,0
DA:813,0
DA:815,0
DA:816,0
DA:817,0
DA:820,0
DA:821,0
DA:826,0
DA:830,0
DA:831,0
DA:832,0
DA:834,0
DA:835,0
DA:836,0
DA:837,0
DA:838,0
DA:844,0
DA:845,0
DA:846,0
DA:847,0
DA:848,0
DA:850,0
DA:851,0
DA:852,0
DA:854,0
DA:855,0
DA:856,0
DA:858,0
DA:859,0
DA:862,0
DA:863,0
DA:864,0
DA:865,0
DA:866,0
DA:867,0
DA:871,0
DA:872,0
DA:874,0
DA:875,0
DA:880,0
DA:884,0
DA:887,0
DA:888,0
DA:889,0
DA:890,0
DA:891,0
DA:892,0
DA:893,0
DA:894,0
DA:896,0
DA:897,0
DA:898,0
DA:899,0
DA:900,0
DA:902,0
DA:905,0
DA:906,0
DA:909,0
DA:910,0
DA:914,0
DA:915,0
DA:920,0
DA:924,0
DA:926,0
DA:928,0
DA:929,0
DA:931,0
DA:935,0
DA:936,0
DA:937,0
DA:938,0
DA:939,0
DA:941,0
DA:944,0
DA:948,0
DA:949,0
DA:954,0
DA:958,0
DA:959,0
DA:960,0
DA:961,0
DA:964,0
DA:968,0
DA:984,0
DA:987,0
DA:996,0
DA:999,0
DA:1000,0
DA:1001,0
DA:1002,0
DA:1003,0
DA:1004,0
DA:1005,0
DA:1010,0
DA:1017,0
DA:1020,0
DA:1021,0
DA:1022,0
DA:1023,0
DA:1026,0
DA:1028,0
DA:1029,0
DA:1040,0
DA:1055,0
DA:1056,0
DA:1057,0
DA:1058,0
DA:1060,0
DA:1061,0
DA:1074,0
DA:1076,0
DA:1077,0
DA:1078,0
DA:1079,0
DA:1080,0
DA:1085,0
DA:1087,0
DA:1088,0
DA:1090,0
DA:1094,0
DA:1095,0
DA:1096,0
DA:1097,0
DA:1098,0
DA:1099,0
DA:1102,0
DA:1103,0
DA:1104,0
DA:1105,0
DA:1108,0
DA:1109,0
DA:1122,0
DA:1124,0
DA:1125,0
DA:1136,0
DA:1137,0
DA:1138,0
DA:1139,0
DA:1143,0
DA:1150,0
DA:1152,0
DA:1153,0
DA:1155,0
DA:1157,0
DA:1158,0
DA:1160,0
DA:1166,0
DA:1167,0
DA:1168,0
DA:1170,0
DA:1173,0
DA:1177,0
DA:1178,0
DA:1179,0
DA:1180,0
DA:1181,0
DA:1184,0
DA:1187,0
DA:1189,0
DA:1190,0
DA:1191,0
DA:1192,0
DA:1194,0
DA:1195,0
DA:1196,0
DA:1202,0
DA:1203,0
DA:1204,0
DA:1205,0
DA:1206,0
DA:1208,0
DA:1211,0
DA:1212,0
DA:1217,0
DA:1218,0
DA:1219,0
DA:1221,0
DA:1225,0
DA:1226,0
DA:1227,0
DA:1229,0
DA:1233,0
DA:1234,0
DA:1237,0
DA:1239,0
DA:1243,0
DA:1244,0
DA:1245,0
DA:1249,0
DA:1250,0
DA:1251,0
DA:1253,0
DA:1257,0
DA:1258,0
DA:1260,0
DA:1264,0
DA:1272,0
DA:1273,0
DA:1275,0
DA:1276,0
DA:1277,0
DA:1278,0
DA:1279,0
DA:1286,0
DA:1294,0
DA:1295,0
DA:1296,0
DA:1297,0
DA:1298,0
DA:1299,0
DA:1300,0
DA:1301,0
DA:1302,0
DA:1303,0
DA:1304,0
DA:1305,0
DA:1308,0
DA:1309,0
DA:1310,0
DA:1311,0
DA:1312,0
DA:1314,0
DA:1315,0
DA:1317,0
DA:1319,0
DA:1323,0
DA:1324,0
DA:1325,0
DA:1326,0
DA:1327,0
DA:1328,0
DA:1341,0
DA:1342,0
DA:1343,0
DA:1344,0
DA:1348,0
DA:1349,0
DA:1350,0
DA:1351,0
DA:1352,0
DA:1356,0
DA:1357,0
DA:1358,0
DA:1359,0
DA:1360,0
DA:1362,0
DA:1368,0
DA:1371,0
DA:1372,0
DA:1373,0
DA:1374,0
DA:1376,0
DA:1377,0
DA:1378,0
DA:1382,0
DA:1383,0
DA:1384,0
DA:1385,0
DA:1386,0
DA:1389,0
DA:1391,0
DA:1392,0
DA:1393,0
DA:1394,0
DA:1397,0
DA:1398,0
DA:1399,0
DA:1400,0
DA:1401,0
DA:1402,0
DA:1403,0
DA:1404,0
DA:1407,0
DA:1408,0
DA:1412,0
DA:1413,0
DA:1414,0
DA:1415,0
DA:1416,0
DA:1417,0
DA:1418,0
DA:1434,0
DA:1438,0
DA:1439,0
DA:1440,0
DA:1441,0
DA:1442,0
DA:1443,0
DA:1444,0
DA:1457,0
DA:1461,0
DA:1462,0
DA:1463,0
DA:1464,0
DA:1465,0
DA:1467,0
DA:1474,0
DA:1475,0
DA:1477,0
DA:1481,0
DA:1482,0
DA:1483,0
DA:1484,0
DA:1485,0
DA:1487,0
DA:1488,0
DA:1489,0
DA:1491,0
DA:1495,0
DA:1496,0
DA:1497,0
DA:1498,0
DA:1499,0
DA:1501,0
DA:1502,0
DA:1503,0
DA:1504,0
DA:1505,0
DA:1509,0
DA:1510,0
DA:1533,0
DA:1537,0
DA:1538,0
DA:1549,0
DA:1556,0
DA:1557,0
DA:1558,0
DA:1559,0
DA:1563,0
DA:1564,0
DA:1567,0
DA:1568,0
DA:1569,0
DA:1570,0
DA:1573,0
DA:1574,0
DA:1575,0
DA:1576,0
DA:1577,0
DA:1580,0
DA:1581,0
DA:1582,0
DA:1585,0
DA:1586,0
DA:1587,0
DA:1589,0
DA:1603,0
DA:1605,0
DA:1606,0
DA:1608,0
DA:1609,0
DA:1610,0
DA:1613,0
DA:1614,0
DA:1615,0
DA:1619,0
DA:1620,0
DA:1621,0
DA:1625,0
DA:1626,0
DA:1627,0
DA:1631,0
DA:1632,0
DA:1633,0
DA:1634,0
DA:1638,0
DA:1639,0
DA:1640,0
DA:1641,0
DA:1642,0
DA:1643,0
DA:1644,0
DA:1650,0
DA:1651,0
DA:1652,0
DA:1655,0
DA:1658,0
DA:1659,0
DA:1663,0
DA:1664,0
DA:1668,0
DA:1674,0
DA:1675,0
DA:1678,0
DA:1682,0
DA:1683,0
DA:1684,0
DA:1685,0
DA:1689,0
DA:1691,0
DA:1699,0
DA:1700,0
DA:1701,0
DA:1703,0
DA:1723,0
DA:1724,0
DA:1725,0
DA:1727,0
DA:1729,0
DA:1730,0
DA:1731,0
DA:1732,0
DA:1734,0
DA:1735,0
DA:1738,0
DA:1739,0
DA:1740,0
DA:1741,0
DA:1742,0
DA:1746,0
DA:1747,0
DA:1748,0
DA:1750,0
DA:1753,0
DA:1754,0
DA:1755,0
DA:1759,0
DA:1760,0
DA:1762,0
DA:1763,0
DA:1764,0
DA:1765,0
DA:1766,0
DA:1767,0
DA:1768,0
DA:1773,0
DA:1774,0
DA:1775,0
DA:1776,0
DA:1779,0
DA:1782,0
DA:1783,0
DA:1784,0
DA:1787,0
LF:807
LH:0
BRDA:31,0,0,0
BRDA:31,0,1,0
BRDA:32,1,0,0
BRDA:32,1,1,0
BRDA:85,2,0,0
BRDA:89,3,0,0
BRDA:95,4,0,0
BRDA:99,5,0,0
BRDA:111,6,0,0
BRDA:113,7,0,0
BRDA:113,7,1,0
BRDA:113,8,0,0
BRDA:113,8,1,0
BRDA:118,9,0,0
BRDA:119,10,0,0
BRDA:119,10,1,0
BRDA:122,11,0,0
BRDA:122,11,1,0
BRDA:130,12,0,0
BRDA:130,12,1,0
BRDA:131,13,0,0
BRDA:131,13,1,0
BRDA:183,14,0,0
BRDA:183,14,1,0
BRDA:201,15,0,0
BRDA:201,15,1,0
BRDA:201,15,2,0
BRDA:201,15,3,0
BRDA:203,16,0,0
BRDA:203,16,1,0
BRDA:209,17,0,0
BRDA:209,17,1,0
BRDA:233,18,0,0
BRDA:233,18,1,0
BRDA:233,19,0,0
BRDA:233,19,1,0
BRDA:246,20,0,0
BRDA:246,20,1,0
BRDA:248,21,0,0
BRDA:248,21,1,0
BRDA:250,22,0,0
BRDA:250,22,1,0
BRDA:258,23,0,0
BRDA:258,23,1,0
BRDA:259,24,0,0
BRDA:259,24,1,0
BRDA:260,25,0,0
BRDA:260,25,1,0
BRDA:261,26,0,0
BRDA:261,26,1,0
BRDA:262,27,0,0
BRDA:262,27,1,0
BRDA:270,28,0,0
BRDA:278,29,0,0
BRDA:278,29,1,0
BRDA:278,30,0,0
BRDA:278,30,1,0
BRDA:292,31,0,0
BRDA:292,31,1,0
BRDA:294,32,0,0
BRDA:294,32,1,0
BRDA:294,32,2,0
BRDA:296,33,0,0
BRDA:296,33,1,0
BRDA:306,34,0,0
BRDA:307,35,0,0
BRDA:307,35,1,0
BRDA:309,36,0,0
BRDA:309,36,1,0
BRDA:310,37,0,0
BRDA:310,37,1,0
BRDA:313,38,0,0
BRDA:313,38,1,0
BRDA:316,39,0,0
BRDA:317,40,0,0
BRDA:317,40,1,0
BRDA:324,41,0,0
BRDA:325,42,0,0
BRDA:325,42,1,0
BRDA:333,43,0,0
BRDA:333,43,1,0
BRDA:344,44,0,0
BRDA:344,44,1,0
BRDA:344,45,0,0
BRDA:344,45,1,0
BRDA:349,46,0,0
BRDA:349,46,1,0
BRDA:350,47,0,0
BRDA:350,47,1,0
BRDA:356,48,0,0
BRDA:356,48,1,0
BRDA:357,49,0,0
BRDA:357,49,1,0
BRDA:357,50,0,0
BRDA:357,50,1,0
BRDA:357,50,2,0
BRDA:358,51,0,0
BRDA:358,51,1,0
BRDA:358,52,0,0
BRDA:358,52,1,0
BRDA:358,52,2,0
BRDA:360,53,0,0
BRDA:360,53,1,0
BRDA:360,54,0,0
BRDA:360,54,1,0
BRDA:360,54,2,0
BRDA:361,55,0,0
BRDA:361,55,1,0
BRDA:361,56,0,0
BRDA:361,56,1,0
BRDA:361,56,2,0
BRDA:371,57,0,0
BRDA:371,57,1,0
BRDA:371,58,0,0
BRDA:371,58,1,0
BRDA:377,59,0,0
BRDA:377,59,1,0
BRDA:377,60,0,0
BRDA:377,60,1,0
BRDA:378,61,0,0
BRDA:378,61,1,0
BRDA:378,62,0,0
BRDA:378,62,1,0
BRDA:385,63,0,0
BRDA:385,63,1,0
BRDA:397,64,0,0
BRDA:397,64,1,0
BRDA:397,65,0,0
BRDA:397,65,1,0
BRDA:400,66,0,0
BRDA:400,66,1,0
BRDA:405,67,0,0
BRDA:406,68,0,0
BRDA:406,68,1,0
BRDA:407,69,0,0
BRDA:407,69,1,0
BRDA:407,70,0,0
BRDA:407,70,1,0
BRDA:410,71,0,0
BRDA:410,71,1,0
BRDA:423,72,0,0
BRDA:423,72,1,0
BRDA:423,73,0,0
BRDA:423,73,1,0
BRDA:431,74,0,0
BRDA:431,74,1,0
BRDA:434,75,0,0
BRDA:434,75,1,0
BRDA:447,76,0,0
BRDA:447,76,1,0
BRDA:452,77,0,0
BRDA:452,77,1,0
BRDA:457,78,0,0
BRDA:457,78,1,0
BRDA:457,79,0,0
BRDA:457,79,1,0
BRDA:457,79,2,0
BRDA:457,79,3,0
BRDA:466,80,0,0
BRDA:466,80,1,0
BRDA:466,81,0,0
BRDA:466,81,1,0
BRDA:468,82,0,0
BRDA:468,82,1,0
BRDA:475,83,0,0
BRDA:475,83,1,0
BRDA:476,84,0,0
BRDA:476,84,1,0
BRDA:507,85,0,0
BRDA:508,86,0,0
BRDA:508,86,1,0
BRDA:508,87,0,0
BRDA:508,87,1,0
BRDA:521,88,0,0
BRDA:521,88,1,0
BRDA:521,89,0,0
BRDA:521,89,1,0
BRDA:521,89,2,0
BRDA:522,90,0,0
BRDA:522,90,1,0
BRDA:529,91,0,0
BRDA:529,91,1,0
BRDA:532,92,0,0
BRDA:532,92,1,0
BRDA:532,93,0,0
BRDA:532,93,1,0
BRDA:535,94,0,0
BRDA:535,94,1,0
BRDA:535,95,0,0
BRDA:535,95,1,0
BRDA:541,96,0,0
BRDA:541,96,1,0
BRDA:544,97,0,0
BRDA:544,97,1,0
BRDA:544,98,0,0
BRDA:544,98,1,0
BRDA:547,99,0,0
BRDA:547,99,1,0
BRDA:547,100,0,0
BRDA:547,100,1,0
BRDA:552,101,0,0
BRDA:552,101,1,0
BRDA:552,102,0,0
BRDA:552,102,1,0
BRDA:555,103,0,0
BRDA:555,103,1,0
BRDA:555,104,0,0
BRDA:555,104,1,0
BRDA:557,105,0,0
BRDA:557,105,1,0
BRDA:557,106,0,0
BRDA:557,106,1,0
BRDA:559,107,0,0
BRDA:559,107,1,0
BRDA:559,108,0,0
BRDA:559,108,1,0
BRDA:561,109,0,0
BRDA:561,109,1,0
BRDA:561,110,0,0
BRDA:561,110,1,0
BRDA:565,111,0,0
BRDA:565,111,1,0
BRDA:569,112,0,0
BRDA:569,112,1,0
BRDA:570,113,0,0
BRDA:570,113,1,0
BRDA:570,114,0,0
BRDA:570,114,1,0
BRDA:570,114,2,0
BRDA:572,115,0,0
BRDA:572,115,1,0
BRDA:572,116,0,0
BRDA:572,116,1,0
BRDA:572,116,2,0
BRDA:574,117,0,0
BRDA:574,117,1,0
BRDA:574,118,0,0
BRDA:574,118,1,0
BRDA:576,119,0,0
BRDA:576,119,1,0
BRDA:576,120,0,0
BRDA:576,120,1,0
BRDA:585,121,0,0
BRDA:585,121,1,0
BRDA:586,122,0,0
BRDA:586,122,1,0
BRDA:586,123,0,0
BRDA:586,123,1,0
BRDA:588,124,0,0
BRDA:588,124,1,0
BRDA:588,125,0,0
BRDA:588,125,1,0
BRDA:590,126,0,0
BRDA:590,126,1,0
BRDA:590,127,0,0
BRDA:590,127,1,0
BRDA:592,128,0,0
BRDA:592,128,1,0
BRDA:592,129,0,0
BRDA:592,129,1,0
BRDA:600,130,0,0
BRDA:600,130,1,0
BRDA:602,131,0,0
BRDA:602,131,1,0
BRDA:607,132,0,0
BRDA:607,132,1,0
BRDA:608,133,0,0
BRDA:608,133,1,0
BRDA:612,134,0,0
BRDA:612,134,1,0
BRDA:624,135,0,0
BRDA:624,135,1,0
BRDA:633,136,0,0
BRDA:633,136,1,0
BRDA:639,137,0,0
BRDA:639,137,1,0
BRDA:640,138,0,0
BRDA:640,138,1,0
BRDA:649,139,0,0
BRDA:655,140,0,0
BRDA:655,140,1,0
BRDA:664,141,0,0
BRDA:664,141,1,0
BRDA:665,142,0,0
BRDA:665,142,1,0
BRDA:669,143,0,0
BRDA:669,143,1,0
BRDA:669,144,0,0
BRDA:669,144,1,0
BRDA:672,145,0,0
BRDA:672,145,1,0
BRDA:694,146,0,0
BRDA:694,147,0,0
BRDA:698,148,0,0
BRDA:698,148,1,0
BRDA:698,149,0,0
BRDA:698,149,1,0
BRDA:698,149,2,0
BRDA:700,150,0,0
BRDA:700,150,1,0
BRDA:700,151,0,0
BRDA:700,151,1,0
BRDA:704,152,0,0
BRDA:704,152,1,0
BRDA:704,153,0,0
BRDA:704,153,1,0
BRDA:713,154,0,0
BRDA:713,154,1,0
BRDA:714,155,0,0
BRDA:714,155,1,0
BRDA:717,156,0,0
BRDA:717,156,1,0
BRDA:763,157,0,0
BRDA:764,158,0,0
BRDA:764,158,1,0
BRDA:768,159,0,0
BRDA:768,159,1,0
BRDA:768,160,0,0
BRDA:768,160,1,0
BRDA:774,161,0,0
BRDA:774,161,1,0
BRDA:778,162,0,0
BRDA:778,162,1,0
BRDA:786,163,0,0
BRDA:786,163,1,0
BRDA:796,164,0,0
BRDA:796,164,1,0
BRDA:811,165,0,0
BRDA:811,165,1,0
BRDA:812,166,0,0
BRDA:812,166,1,0
BRDA:813,167,0,0
BRDA:813,167,1,0
BRDA:816,168,0,0
BRDA:816,168,1,0
BRDA:816,169,0,0
BRDA:816,169,1,0
BRDA:817,170,0,0
BRDA:817,170,1,0
BRDA:820,171,0,0
BRDA:820,171,1,0
BRDA:835,172,0,0
BRDA:835,172,1,0
BRDA:838,173,0,0
BRDA:838,173,1,0
BRDA:854,174,0,0
BRDA:854,174,1,0
BRDA:856,175,0,0
BRDA:856,175,1,0
BRDA:856,176,0,0
BRDA:856,176,1,0
BRDA:858,177,0,0
BRDA:858,177,1,0
BRDA:863,178,0,0
BRDA:863,178,1,0
BRDA:863,179,0,0
BRDA:863,179,1,0
BRDA:864,180,0,0
BRDA:864,180,1,0
BRDA:865,181,0,0
BRDA:865,181,1,0
BRDA:866,182,0,0
BRDA:866,182,1,0
BRDA:871,183,0,0
BRDA:871,183,1,0
BRDA:872,184,0,0
BRDA:872,184,1,0
BRDA:874,185,0,0
BRDA:874,185,1,0
BRDA:877,186,0,0
BRDA:877,186,1,0
BRDA:877,187,0,0
BRDA:877,187,1,0
BRDA:891,188,0,0
BRDA:891,188,1,0
BRDA:891,189,0,0
BRDA:891,189,1,0
BRDA:894,190,0,0
BRDA:894,190,1,0
BRDA:894,190,2,0
BRDA:894,190,3,0
BRDA:896,191,0,0
BRDA:896,191,1,0
BRDA:914,192,0,0
BRDA:914,192,1,0
BRDA:917,193,0,0
BRDA:917,193,1,0
BRDA:917,194,0,0
BRDA:917,194,1,0
BRDA:924,195,0,0
BRDA:924,195,1,0
BRDA:926,196,0,0
BRDA:926,196,1,0
BRDA:944,197,0,0
BRDA:944,197,1,0
BRDA:944,198,0,0
BRDA:944,198,1,0
BRDA:948,199,0,0
BRDA:948,199,1,0
BRDA:958,200,0,0
BRDA:958,200,1,0
BRDA:960,201,0,0
BRDA:960,201,1,0
BRDA:960,202,0,0
BRDA:960,202,1,0
BRDA:961,203,0,0
BRDA:961,203,1,0
BRDA:966,204,0,0
BRDA:966,204,1,0
BRDA:975,205,0,0
BRDA:975,205,1,0
BRDA:981,206,0,0
BRDA:981,206,1,0
BRDA:994,207,0,0
BRDA:994,207,1,0
BRDA:1001,208,0,0
BRDA:1001,208,1,0
BRDA:1001,209,0,0
BRDA:1001,209,1,0
BRDA:1021,210,0,0
BRDA:1021,210,1,0
BRDA:1045,211,0,0
BRDA:1045,211,1,0
BRDA:1060,212,0,0
BRDA:1060,212,1,0
BRDA:1096,213,0,0
BRDA:1096,213,1,0
BRDA:1114,214,0,0
BRDA:1114,214,1,0
BRDA:1124,215,0,0
BRDA:1124,215,1,0
BRDA:1128,216,0,0
BRDA:1128,216,1,0
BRDA:1129,217,0,0
BRDA:1129,217,1,0
BRDA:1136,218,0,0
BRDA:1136,218,1,0
BRDA:1150,219,0,0
BRDA:1150,219,1,0
BRDA:1153,220,0,0
BRDA:1153,220,1,0
BRDA:1166,221,0,0
BRDA:1166,221,1,0
BRDA:1167,222,0,0
BRDA:1167,222,1,0
BRDA:1168,223,0,0
BRDA:1168,223,1,0
BRDA:1170,224,0,0
BRDA:1170,224,1,0
BRDA:1170,225,0,0
BRDA:1170,225,1,0
BRDA:1173,226,0,0
BRDA:1173,226,1,0
BRDA:1175,227,0,0
BRDA:1175,227,1,0
BRDA:1187,228,0,0
BRDA:1187,228,1,0
BRDA:1187,229,0,0
BRDA:1187,229,1,0
BRDA:1189,230,0,0
BRDA:1189,230,1,0
BRDA:1191,231,0,0
BRDA:1191,231,1,0
BRDA:1191,232,0,0
BRDA:1191,232,1,0
BRDA:1194,233,0,0
BRDA:1194,233,1,0
BRDA:1205,234,0,0
BRDA:1205,234,1,0
BRDA:1208,235,0,0
BRDA:1208,235,1,0
BRDA:1211,236,0,0
BRDA:1211,236,1,0
BRDA:1212,237,0,0
BRDA:1212,237,1,0
BRDA:1217,238,0,0
BRDA:1217,238,1,0
BRDA:1218,239,0,0
BRDA:1218,239,1,0
BRDA:1220,240,0,0
BRDA:1220,240,1,0
BRDA:1226,241,0,0
BRDA:1226,241,1,0
BRDA:1226,242,0,0
BRDA:1226,242,1,0
BRDA:1233,243,0,0
BRDA:1233,243,1,0
BRDA:1234,244,0,0
BRDA:1234,244,1,0
BRDA:1238,245,0,0
BRDA:1238,245,1,0
BRDA:1243,246,0,0
BRDA:1243,246,1,0
BRDA:1250,247,0,0
BRDA:1250,247,1,0
BRDA:1250,248,0,0
BRDA:1250,248,1,0
BRDA:1257,249,0,0
BRDA:1257,249,1,0
BRDA:1257,250,0,0
BRDA:1257,250,1,0
BRDA:1273,251,0,0
BRDA:1273,251,1,0
BRDA:1277,252,0,0
BRDA:1277,252,1,0
BRDA:1278,253,0,0
BRDA:1278,253,1,0
BRDA:1280,254,0,0
BRDA:1280,254,1,0
BRDA:1281,255,0,0
BRDA:1281,255,1,0
BRDA:1294,256,0,0
BRDA:1294,256,1,0
BRDA:1294,257,0,0
BRDA:1294,257,1,0
BRDA:1298,258,0,0
BRDA:1298,258,1,0
BRDA:1299,259,0,0
BRDA:1299,259,1,0
BRDA:1302,260,0,0
BRDA:1302,260,1,0
BRDA:1303,261,0,0
BRDA:1303,261,1,0
BRDA:1304,262,0,0
BRDA:1304,262,1,0
BRDA:1305,263,0,0
BRDA:1305,263,1,0
BRDA:1310,264,0,0
BRDA:1310,264,1,0
BRDA:1317,265,0,0
BRDA:1317,265,1,0
BRDA:1323,266,0,0
BRDA:1323,266,1,0
BRDA:1324,267,0,0
BRDA:1324,267,1,0
BRDA:1326,268,0,0
BRDA:1326,268,1,0
BRDA:1327,269,0,0
BRDA:1327,269,1,0
BRDA:1336,270,0,0
BRDA:1336,270,1,0
BRDA:1360,271,0,0
BRDA:1360,271,1,0
BRDA:1371,272,0,0
BRDA:1371,272,1,0
BRDA:1372,273,0,0
BRDA:1372,273,1,0
BRDA:1382,274,0,0
BRDA:1382,274,1,0
BRDA:1384,275,0,0
BRDA:1384,275,1,0
BRDA:1384,276,0,0
BRDA:1384,276,1,0
BRDA:1391,277,0,0
BRDA:1391,277,1,0
BRDA:1399,278,0,0
BRDA:1399,278,1,0
BRDA:1400,279,0,0
BRDA:1400,279,1,0
BRDA:1402,280,0,0
BRDA:1402,280,1,0
BRDA:1403,281,0,0
BRDA:1403,281,1,0
BRDA:1412,282,0,0
BRDA:1412,282,1,0
BRDA:1421,283,0,0
BRDA:1421,283,1,0
BRDA:1423,284,0,0
BRDA:1423,284,1,0
BRDA:1425,285,0,0
BRDA:1425,285,1,0
BRDA:1432,286,0,0
BRDA:1432,286,1,0
BRDA:1438,287,0,0
BRDA:1438,287,1,0
BRDA:1447,288,0,0
BRDA:1447,288,1,0
BRDA:1449,289,0,0
BRDA:1449,289,1,0
BRDA:1450,290,0,0
BRDA:1450,290,1,0
BRDA:1461,291,0,0
BRDA:1461,291,1,0
BRDA:1481,292,0,0
BRDA:1481,292,1,0
BRDA:1483,293,0,0
BRDA:1483,293,1,0
BRDA:1495,294,0,0
BRDA:1495,294,1,0
BRDA:1497,295,0,0
BRDA:1497,295,1,0
BRDA:1509,296,0,0
BRDA:1509,296,1,0
BRDA:1537,297,0,0
BRDA:1537,297,1,0
BRDA:1556,298,0,0
BRDA:1556,298,1,0
BRDA:1556,299,0,0
BRDA:1556,299,1,0
BRDA:1563,300,0,0
BRDA:1563,300,1,0
BRDA:1564,301,0,0
BRDA:1564,301,1,0
BRDA:1567,302,0,0
BRDA:1567,302,1,0
BRDA:1568,303,0,0
BRDA:1568,303,1,0
BRDA:1569,304,0,0
BRDA:1569,304,1,0
BRDA:1577,305,0,0
BRDA:1577,305,1,0
BRDA:1586,306,0,0
BRDA:1586,306,1,0
BRDA:1587,307,0,0
BRDA:1587,307,1,0
BRDA:1587,308,0,0
BRDA:1587,308,1,0
BRDA:1595,309,0,0
BRDA:1595,309,1,0
BRDA:1606,310,0,0
BRDA:1606,310,1,0
BRDA:1613,311,0,0
BRDA:1613,311,1,0
BRDA:1613,312,0,0
BRDA:1613,312,1,0
BRDA:1619,313,0,0
BRDA:1619,313,1,0
BRDA:1619,314,0,0
BRDA:1619,314,1,0
BRDA:1625,315,0,0
BRDA:1625,315,1,0
BRDA:1625,316,0,0
BRDA:1625,316,1,0
BRDA:1625,316,2,0
BRDA:1631,317,0,0
BRDA:1631,317,1,0
BRDA:1631,318,0,0
BRDA:1631,318,1,0
BRDA:1631,318,2,0
BRDA:1631,318,3,0
BRDA:1638,319,0,0
BRDA:1638,319,1,0
BRDA:1638,320,0,0
BRDA:1638,320,1,0
BRDA:1641,321,0,0
BRDA:1641,321,1,0
BRDA:1650,322,0,0
BRDA:1650,322,1,0
BRDA:1650,323,0,0
BRDA:1650,323,1,0
BRDA:1655,324,0,0
BRDA:1655,324,1,0
BRDA:1659,325,0,0
BRDA:1659,325,1,0
BRDA:1664,326,0,0
BRDA:1664,326,1,0
BRDA:1675,327,0,0
BRDA:1675,327,1,0
BRDA:1683,328,0,0
BRDA:1683,328,1,0
BRDA:1724,329,0,0
BRDA:1724,329,1,0
BRDA:1725,330,0,0
BRDA:1725,330,1,0
BRDA:1729,331,0,0
BRDA:1729,331,1,0
BRDA:1730,332,0,0
BRDA:1730,332,1,0
BRDA:1738,333,0,0
BRDA:1738,333,1,0
BRDA:1747,334,0,0
BRDA:1747,334,1,0
BRDA:1748,335,0,0
BRDA:1748,335,1,0
BRDA:1753,336,0,0
BRDA:1753,336,1,0
BRDA:1760,337,0,0
BRDA:1760,337,1,0
BRDA:1762,338,0,0
BRDA:1762,338,1,0
BRDA:1765,339,0,0
BRDA:1765,339,1,0
BRF:682
BRH:0
end_of_record
TN:
SF:webull-integration.js
FN:14,log
FN:22,(anonymous_1)
FN:30,(anonymous_2)
FN:61,(anonymous_3)
FN:69,(anonymous_4)
FN:101,(anonymous_5)
FN:137,(anonymous_6)
FN:148,(anonymous_7)
FN:155,(anonymous_8)
FN:163,(anonymous_9)
FN:190,(anonymous_10)
FN:197,(anonymous_11)
FN:207,(anonymous_12)
FN:245,(anonymous_13)
FN:255,(anonymous_14)
FN:263,(anonymous_15)
FN:269,(anonymous_16)
FN:275,(anonymous_17)
FN:295,(anonymous_18)
FN:337,(anonymous_19)
FN:360,(anonymous_20)
FN:365,(anonymous_21)
FN:374,(anonymous_22)
FN:378,(anonymous_23)
FN:386,(anonymous_24)
FN:395,(anonymous_25)
FN:401,(anonymous_26)
FNF:27
FNH:0
FNDA:0,log
FNDA:0,(anonymous_1)
FNDA:0,(anonymous_2)
FNDA:0,(anonymous_3)
FNDA:0,(anonymous_4)
FNDA:0,(anonymous_5)
FNDA:0,(anonymous_6)
FNDA:0,(anonymous_7)
FNDA:0,(anonymous_8)
FNDA:0,(anonymous_9)
FNDA:0,(anonymous_10)
FNDA:0,(anonymous_11)
FNDA:0,(anonymous_12)
FNDA:0,(anonymous_13)
FNDA:0,(anonymous_14)
FNDA:0,(anonymous_15)
FNDA:0,(anonymous_16)
FNDA:0,(anonymous_17)
FNDA:0,(anonymous_18)
FNDA:0,(anonymous_19)
FNDA:0,(anonymous_20)
FNDA:0,(anonymous_21)
FNDA:0,(anonymous_22)
FNDA:0,(anonymous_23)
FNDA:0,(anonymous_24)
FNDA:0,(anonymous_25)
FNDA:0,(anonymous_26)
DA:11,0
DA:12,0
DA:15,0
DA:18,0
DA:23,0
DA:24,0
DA:25,0
DA:26,0
DA:27,0
DA:28,0
DA:29,0
DA:30,0
DA:33,0
DA:38,0
DA:39,0
DA:43,0
DA:44,0
DA:45,0
DA:50,0
DA:52,0
DA:54,0
DA:55,0
DA:56,0
DA:62,0
DA:63,0
DA:70,0
DA:72,0
DA:73,0
DA:76,0
DA:77,0
DA:82,0
DA:85,0
DA:86,0
DA:88,0
DA:91,0
DA:92,0
DA:94,0
DA:95,0
DA:96,0
DA:102,0
DA:103,0
DA:104,0
DA:111,0
DA:112,0
DA:114,0
DA:116,0
DA:117,0
DA:118,0
DA:120,0
DA:121,0
DA:123,0
DA:124,0
DA:125,0
DA:139,0
DA:140,0
DA:144,0
DA:147,0
DA:148,0
DA:155,0
DA:156,0
DA:160,0
DA:165,0
DA:168,0
DA:170,0
DA:173,0
DA:174,0
DA:177,0
DA:181,0
DA:183,0
DA:184,0
DA:185,0
DA:187,0
DA:188,0
DA:190,0
DA:197,0
DA:200,0
DA:209,0
DA:210,0
DA:211,0
DA:212,0
DA:213,0
DA:225,0
DA:226,0
DA:227,0
DA:228,0
DA:229,0
DA:246,0
DA:247,0
DA:248,0
DA:256,0
DA:257,0
DA:264,0
DA:265,0
DA:270,0
DA:271,0
DA:276,0
DA:279,0
DA:296,0
DA:298,0
DA:301,0
DA:302,0
DA:303,0
DA:304,0
DA:307,0
DA:309,0
DA:322,0
DA:324,0
DA:325,0
DA:327,0
DA:328,0
DA:329,0
DA:338,0
DA:339,0
DA:350,0
DA:351,0
DA:352,0
DA:362,0
DA:363,0
DA:364,0
DA:365,0
DA:374,0
DA:379,0
DA:380,0
DA:381,0
DA:382,0
DA:387,0
DA:388,0
DA:389,0
DA:396,0
DA:397,0
DA:402,0
DA:408,0
LF:132
LH:0
BRDA:26,0,0,0
BRDA:26,0,1,0
BRDA:27,1,0,0
BRDA:27,1,1,0
BRDA:28,2,0,0
BRDA:28,2,1,0
BRDA:29,3,0,0
BRDA:29,3,1,0
BRDA:33,4,0,0
BRDA:33,4,1,0
BRDA:43,5,0,0
BRDA:43,5,1,0
BRDA:48,6,0,0
BRDA:48,6,1,0
BRDA:48,7,0,0
BRDA:48,7,1,0
BRDA:62,8,0,0
BRDA:62,8,1,0
BRDA:62,9,0,0
BRDA:62,9,1,0
BRDA:62,9,2,0
BRDA:70,10,0,0
BRDA:70,10,1,0
BRDA:70,11,0,0
BRDA:70,11,1,0
BRDA:73,12,0,0
BRDA:73,12,1,0
BRDA:85,13,0,0
BRDA:85,13,1,0
BRDA:85,14,0,0
BRDA:85,14,1,0
BRDA:91,15,0,0
BRDA:91,15,1,0
BRDA:91,15,2,0
BRDA:92,16,0,0
BRDA:92,16,1,0
BRDA:94,17,0,0
BRDA:94,17,1,0
BRDA:95,18,0,0
BRDA:95,18,1,0
BRDA:101,19,0,0
BRDA:101,20,0,0
BRDA:111,21,0,0
BRDA:111,21,1,0
BRDA:112,22,0,0
BRDA:112,22,1,0
BRDA:114,23,0,0
BRDA:114,23,1,0
BRDA:114,24,0,0
BRDA:114,24,1,0
BRDA:120,25,0,0
BRDA:120,25,1,0
BRDA:120,26,0,0
BRDA:120,26,1,0
BRDA:124,27,0,0
BRDA:124,27,1,0
BRDA:125,28,0,0
BRDA:125,28,1,0
BRDA:137,29,0,0
BRDA:137,30,0,0
BRDA:145,31,0,0
BRDA:145,31,1,0
BRDA:147,32,0,0
BRDA:147,32,1,0
BRDA:147,33,0,0
BRDA:147,33,1,0
BRDA:149,34,0,0
BRDA:149,34,1,0
BRDA:149,34,2,0
BRDA:150,35,0,0
BRDA:150,35,1,0
BRDA:151,36,0,0
BRDA:151,36,1,0
BRDA:152,37,0,0
BRDA:152,37,1,0
BRDA:153,38,0,0
BRDA:153,38,1,0
BRDA:154,39,0,0
BRDA:154,39,1,0
BRDA:154,39,2,0
BRDA:156,40,0,0
BRDA:156,40,1,0
BRDA:163,41,0,0
BRDA:163,42,0,0
BRDA:165,43,0,0
BRDA:165,43,1,0
BRDA:170,44,0,0
BRDA:170,44,1,0
BRDA:173,45,0,0
BRDA:173,45,1,0
BRDA:181,46,0,0
BRDA:181,46,1,0
BRDA:185,47,0,0
BRDA:185,47,1,0
BRDA:187,48,0,0
BRDA:187,48,1,0
BRDA:192,49,0,0
BRDA:192,49,1,0
BRDA:193,50,0,0
BRDA:193,50,1,0
BRDA:194,51,0,0
BRDA:194,51,1,0
BRDA:195,52,0,0
BRDA:195,52,1,0
BRDA:196,53,0,0
BRDA:196,53,1,0
BRDA:211,54,0,0
BRDA:211,54,1,0
BRDA:211,54,2,0
BRDA:212,55,0,0
BRDA:212,55,1,0
BRDA:212,55,2,0
BRDA:212,55,3,0
BRDA:213,56,0,0
BRDA:213,56,1,0
BRDA:216,57,0,0
BRDA:216,57,1,0
BRDA:217,58,0,0
BRDA:217,58,1,0
BRDA:218,59,0,0
BRDA:218,59,1,0
BRDA:219,60,0,0
BRDA:219,60,1,0
BRDA:219,60,2,0
BRDA:220,61,0,0
BRDA:220,61,1,0
BRDA:226,62,0,0
BRDA:226,62,1,0
BRDA:247,63,0,0
BRDA:247,63,1,0
BRDA:247,63,2,0
BRDA:247,63,3,0
BRDA:248,64,0,0
BRDA:248,64,1,0
BRDA:257,65,0,0
BRDA:257,65,1,0
BRDA:265,66,0,0
BRDA:265,66,1,0
BRDA:265,66,2,0
BRDA:265,66,3,0
BRDA:271,67,0,0
BRDA:271,67,1,0
BRDA:275,68,0,0
BRDA:275,69,0,0
BRDA:279,70,0,0
BRDA:279,70,1,0
BRDA:279,70,2,0
BRDA:279,70,3,0
BRDA:301,71,0,0
BRDA:301,71,1,0
BRDA:302,72,0,0
BRDA:302,72,1,0
BRDA:303,73,0,0
BRDA:303,73,1,0
BRDA:304,74,0,0
BRDA:304,74,1,0
BRDA:312,75,0,0
BRDA:312,75,1,0
BRDA:315,76,0,0
BRDA:315,76,1,0
BRDA:325,77,0,0
BRDA:325,77,1,0
BRDA:327,78,0,0
BRDA:327,78,1,0
BRDA:327,78,2,0
BRDA:327,78,3,0
BRDA:329,79,0,0
BRDA:329,79,1,0
BRDA:337,80,0,0
BRDA:338,81,0,0
BRDA:338,81,1,0
BRDA:350,82,0,0
BRDA:350,82,1,0
BRDA:352,83,0,0
BRDA:352,83,1,0
BRDA:364,84,0,0
BRDA:364,84,1,0
BRDA:364,84,2,0
BRDA:364,84,3,0
BRDA:366,85,0,0
BRDA:366,85,1,0
BRDA:367,86,0,0
BRDA:367,86,1,0
BRDA:367,86,2,0
BRDA:368,87,0,0
BRDA:368,87,1,0
BRDA:369,88,0,0
BRDA:369,88,1,0
BRDA:370,89,0,0
BRDA:370,89,1,0
BRDA:370,89,2,0
BRDA:371,90,0,0
BRDA:371,90,1,0
BRDA:372,91,0,0
BRDA:372,91,1,0
BRDA:372,91,2,0
BRDA:373,92,0,0
BRDA:373,92,1,0
BRDA:373,92,2,0
BRDA:374,93,0,0
BRDA:374,93,1,0
BRDA:374,93,2,0
BRDA:379,94,0,0
BRDA:379,94,1,0
BRDA:379,95,0,0
BRDA:379,95,1,0
BRDA:379,95,2,0
BRDA:382,96,0,0
BRDA:382,96,1,0
BRDA:389,97,0,0
BRDA:389,97,1,0
BRDA:396,98,0,0
BRDA:396,98,1,0
BRDA:402,99,0,0
BRDA:402,99,1,0
BRF:215
BRH:0
end_of_record
